compile C:/Users/Mydlo/AppData/Local/Temp/hemtt/Git_ArmaForces_MAI/asc/output/z/afmai/addons/hiddenUnitSpawner/functions/fnc_EHfiredExplosives.sqfc
compile C:/Users/Mydlo/AppData/Local/Temp/hemtt/Git_ArmaForces_MAI/asc/output/z/afmai/addons/hiddenUnitSpawner/functions/fnc_mapPosPushback.sqfc
compile C:/Users/Mydlo/AppData/Local/Temp/hemtt/Git_ArmaForces_MAI/asc/output/z/afmai/addons/hiddenUnitSpawner/functions/fnc_mapPosCheckPosLoop.sqfc
compile C:/Users/Mydlo/AppData/Local/Temp/hemtt/Git_ArmaForces_MAI/asc/output/z/afmai/addons/hiddenUnitSpawner/functions/fnc_checkNearDeadUnit.sqfc
compile C:/Users/Mydlo/AppData/Local/Temp/hemtt/Git_ArmaForces_MAI/asc/output/z/afmai/addons/hiddenUnitSpawner/functions/fnc_getAveragePos.sqfc
compile C:/Users/Mydlo/AppData/Local/Temp/hemtt/Git_ArmaForces_MAI/asc/output/z/afmai/addons/hiddenUnitSpawner/functions/fnc_EHprojectileExploded.sqfc
compile C:/Users/Mydlo/AppData/Local/Temp/hemtt/Git_ArmaForces_MAI/asc/output/z/afmai/addons/hiddenUnitSpawner/functions/fnc_mapPosCheckLoop.sqfc
compile C:/Users/Mydlo/AppData/Local/Temp/hemtt/Git_ArmaForces_MAI/asc/output/z/afmai/addons/hiddenUnitSpawner/functions/fnc_findHiddenPos.sqfc
compile C:/Users/Mydlo/AppData/Local/Temp/hemtt/Git_ArmaForces_MAI/asc/output/z/afmai/addons/hiddenUnitSpawner/functions/fnc_mapPosUncompress.sqfc
compile C:/Users/Mydlo/AppData/Local/Temp/hemtt/Git_ArmaForces_MAI/asc/output/z/afmai/addons/hiddenUnitSpawner/functions/fnc_EHkilled.sqfc
compile C:/Users/Mydlo/AppData/Local/Temp/hemtt/Git_ArmaForces_MAI/asc/output/z/afmai/addons/hiddenUnitSpawner/functions/fnc_mapPosCheck.sqfc
compile C:/Users/Mydlo/AppData/Local/Temp/hemtt/Git_ArmaForces_MAI/asc/output/z/afmai/addons/hiddenUnitSpawner/functions/fnc_mapPosCompress.sqfc
compile C:/Users/Mydlo/AppData/Local/Temp/hemtt/Git_ArmaForces_MAI/asc/output/z/afmai/addons/hiddenUnitSpawner/functions/fnc_findHiddenPosPerFrame.sqfc
compile C:/Users/Mydlo/AppData/Local/Temp/hemtt/Git_ArmaForces_MAI/asc/output/z/afmai/addons/hiddenUnitSpawner/functions/fnc_mapPosCleanup.sqfc
compile C:/Users/Mydlo/AppData/Local/Temp/hemtt/Git_ArmaForces_MAI/asc/output/z/afmai/addons/hiddenUnitSpawner/functions/fnc_EHinit.sqfc
compile C:/Users/Mydlo/AppData/Local/Temp/hemtt/Git_ArmaForces_MAI/asc/output/z/afmai/addons/hiddenUnitSpawner/functions/fnc_mapPosInit.sqfc
compile C:/Users/Mydlo/AppData/Local/Temp/hemtt/Git_ArmaForces_MAI/asc/output/z/afmai/addons/hiddenUnitSpawner/functions/fnc_mapPosDelete.sqfc
compile C:/Users/Mydlo/AppData/Local/Temp/hemtt/Git_ArmaForces_MAI/asc/output/z/afmai/addons/hiddenUnitSpawner/functions/fnc_markerDebug.sqfc
compile C:/Users/Mydlo/AppData/Local/Temp/hemtt/Git_ArmaForces_MAI/asc/output/z/afmai/addons/hiddenUnitSpawner/XEH_postInit.sqfc
compile C:/Users/Mydlo/AppData/Local/Temp/hemtt/Git_ArmaForces_MAI/asc/output/z/afmai/addons/hiddenUnitSpawner/XEH_preInit.sqfc
compile C:/Users/Mydlo/AppData/Local/Temp/hemtt/Git_ArmaForces_MAI/asc/output/z/afmai/addons/hiddenUnitSpawner/XEH_preStart.sqfc
compile C:/Users/Mydlo/AppData/Local/Temp/hemtt/Git_ArmaForces_MAI/asc/output/z/afmai/addons/main/functions/fnc_checkActivateConditions.sqfc
compile C:/Users/Mydlo/AppData/Local/Temp/hemtt/Git_ArmaForces_MAI/asc/output/z/afmai/addons/main/functions/fnc_createVehicleFromInfo.sqfc
compile C:/Users/Mydlo/AppData/Local/Temp/hemtt/Git_ArmaForces_MAI/asc/output/z/afmai/addons/main/functions/fnc_expectedNewUnitsCountReturn.sqfc
compile C:/Users/Mydlo/AppData/Local/Temp/hemtt/Git_ArmaForces_MAI/asc/output/z/afmai/addons/main/functions/fnc_getGroups.sqfc
compile C:/Users/Mydlo/AppData/Local/Temp/hemtt/Git_ArmaForces_MAI/asc/output/z/afmai/addons/main/functions/fnc_getVehicleInfo.sqfc
compile C:/Users/Mydlo/AppData/Local/Temp/hemtt/Git_ArmaForces_MAI/asc/output/z/afmai/addons/main/functions/fnc_HCfind.sqfc
compile C:/Users/Mydlo/AppData/Local/Temp/hemtt/Git_ArmaForces_MAI/asc/output/z/afmai/addons/main/functions/fnc_moveInVehicleRole.sqfc
compile C:/Users/Mydlo/AppData/Local/Temp/hemtt/Git_ArmaForces_MAI/asc/output/z/afmai/addons/main/functions/fnc_patrolRandomWaypoints.sqfc
compile C:/Users/Mydlo/AppData/Local/Temp/hemtt/Git_ArmaForces_MAI/asc/output/z/afmai/addons/main/functions/fnc_spawnAI.sqfc
compile C:/Users/Mydlo/AppData/Local/Temp/hemtt/Git_ArmaForces_MAI/asc/output/z/afmai/addons/simpleSpawn/functions/fnc_despawn.sqfc
compile C:/Users/Mydlo/AppData/Local/Temp/hemtt/Git_ArmaForces_MAI/asc/output/z/afmai/addons/simpleSpawn/functions/fnc_firstState.sqfc
compile compile C:/Users/Mydlo/AppData/Local/Temp/hemtt/Git_ArmaForces_MAI/asc/output/z/afmai/addons/simpleSpawn/functions/fnc_init.sqfc
C:/Users/Mydlo/AppData/Local/Temp/hemtt/Git_ArmaForces_MAI/asc/output/z/afmai/addons/simpleSpawn/functions/fnc_getGroups.sqfc
compile C:/Users/Mydlo/AppData/Local/Temp/hemtt/Git_ArmaForces_MAI/asc/output/z/afmai/addons/simpleSpawn/functions/fnc_interval.sqfc
compile C:/Users/Mydlo/AppData/Local/Temp/hemtt/Git_ArmaForces_MAI/asc/output/z/afmai/addons/simpleSpawn/XEH_postInit.sqfc
compile C:/Users/Mydlo/AppData/Local/Temp/hemtt/Git_ArmaForces_MAI/asc/output/z/afmai/addons/simpleSpawn/XEH_preInit.sqfc
compile C:/Users/Mydlo/AppData/Local/Temp/hemtt/Git_ArmaForces_MAI/asc/output/z/afmai/addons/simpleSpawn/functions/fnc_initCall.sqfc
compile C:/Users/Mydlo/AppData/Local/Temp/hemtt/Git_ArmaForces_MAI/asc/output/z/afmai/addons/simpleSpawn/functions/fnc_waitUntil.sqfc
compile C:/Users/Mydlo/AppData/Local/Temp/hemtt/Git_ArmaForces_MAI/asc/output/z/afmai/addons/simpleSpawn/XEH_preStart.sqfc
compile C:/Users/Mydlo/AppData/Local/Temp/hemtt/Git_ArmaForces_MAI/asc/output/z/afmai/addons/staticspawn/functions/fnc_addEH.sqfc
compile C:/Users/Mydlo/AppData/Local/Temp/hemtt/Git_ArmaForces_MAI/asc/output/z/afmai/addons/staticspawn/functions/fnc_checkRespawnConditionLoop.sqfc
compile C:/Users/Mydlo/AppData/Local/Temp/hemtt/Git_ArmaForces_MAI/asc/output/z/afmai/addons/staticspawn/functions/fnc_checkSpawnConditions.sqfc
compile C:/Users/Mydlo/AppData/Local/Temp/hemtt/Git_ArmaForces_MAI/asc/output/z/afmai/addons/staticspawn/functions/fnc_EH.sqfc
compile C:/Users/Mydlo/AppData/Local/Temp/hemtt/Git_ArmaForces_MAI/asc/output/z/afmai/addons/staticspawn/functions/fnc_despawn.sqfc
compile C:/Users/Mydlo/AppData/Local/Temp/hemtt/Git_ArmaForces_MAI/asc/output/z/afmai/addons/staticspawn/functions/fnc_despawnLoop.sqfc
compile C:/Users/Mydlo/AppData/Local/Temp/hemtt/Git_ArmaForces_MAI/asc/output/z/afmai/addons/staticspawn/functions/fnc_getGroups.sqfc
compile C:/Users/Mydlo/AppData/Local/Temp/hemtt/Git_ArmaForces_MAI/asc/output/z/afmai/addons/staticspawn/functions/fnc_firstState.sqfc
compile C:/Users/Mydlo/AppData/Local/Temp/hemtt/Git_ArmaForces_MAI/asc/output/z/afmai/addons/staticspawn/functions/fnc_init.sqfc
compile C:/Users/Mydlo/AppData/Local/Temp/hemtt/Git_ArmaForces_MAI/asc/output/z/afmai/addons/staticspawn/functions/fnc_initCall.sqfc
compile C:/Users/Mydlo/AppData/Local/Temp/hemtt/Git_ArmaForces_MAI/asc/output/z/afmai/addons/staticspawn/functions/fnc_loop.sqfc
compile C:/Users/Mydlo/AppData/Local/Temp/hemtt/Git_ArmaForces_MAI/asc/output/z/afmai/addons/staticspawn/functions/fnc_hide.sqfc
compile C:/Users/Mydlo/AppData/Local/Temp/hemtt/Git_ArmaForces_MAI/asc/output/z/afmai/addons/staticspawn/functions/fnc_spawnUnit.sqfc
compile C:/Users/Mydlo/AppData/Local/Temp/hemtt/Git_ArmaForces_MAI/asc/output/z/afmai/addons/staticspawn/functions/fnc_despawnAddToLogic.sqfc
compile C:/Users/Mydlo/AppData/Local/Temp/hemtt/Git_ArmaForces_MAI/asc/output/z/afmai/addons/staticspawn/functions/fnc_unhide.sqfc
compile C:/Users/Mydlo/AppData/Local/Temp/hemtt/Git_ArmaForces_MAI/asc/output/z/afmai/addons/staticspawn/functions/fnc_unhideConditionLoop.sqfc
compile C:/Users/Mydlo/AppData/Local/Temp/hemtt/Git_ArmaForces_MAI/asc/output/z/afmai/addons/staticspawn/functions/fnc_waitUntil.sqfc
compile C:/Users/Mydlo/AppData/Local/Temp/hemtt/Git_ArmaForces_MAI/asc/output/z/afmai/addons/staticspawn/XEH_postInit.sqfc
compile C:/Users/Mydlo/AppData/Local/Temp/hemtt/Git_ArmaForces_MAI/asc/output/z/afmai/addons/staticspawn/XEH_preInit.sqfc
compile C:/Users/Mydlo/AppData/Local/Temp/hemtt/Git_ArmaForces_MAI/asc/output/z/afmai/addons/staticspawn/XEH_preStart.sqfc
