2024-05-14T09:10:48.080728Z  INFO ThreadId(01) HEMTT 1.12.0 is available, please update
2024-05-14T09:10:48.080757Z TRACE ThreadId(01) version: 1.11.2
2024-05-14T09:10:48.080762Z TRACE ThreadId(01) platform: windows
2024-05-14T09:10:48.080773Z TRACE ThreadId(01) args: [
    "C:\\Users\\Mydlo\\AppData\\Local\\Microsoft\\WinGet\\Packages\\BrettMayson.HEMTT_Microsoft.Winget.Source_8wekyb3d8bbwe\\hemtt.exe",
    "build",
    "--just",
    "main",
]
2024-05-14T09:10:48.080916Z  WARN ThreadId(01) keeping previous build artifacts
2024-05-14T09:10:48.081450Z  WARN ThreadId(01) ASC config is no longer used
2024-05-14T09:10:48.081463Z TRACE ThreadId(01) using temporary folder: "C:\\Users\\Mydlo\\AppData\\Local\\Temp\\hemtt\\Git_ArmaForces_MAI"
2024-05-14T09:10:48.081468Z TRACE ThreadId(01) using project folder: "D:\\Git\\ArmaForces\\MAI"
2024-05-14T09:10:48.081470Z TRACE ThreadId(01) using out folder: "D:\\Git\\ArmaForces\\MAI\\.hemttout"
2024-05-14T09:10:48.081553Z TRACE ThreadId(01) using build folder: "D:\\Git\\ArmaForces\\MAI\\.hemttout\\build"
2024-05-14T09:10:48.083378Z TRACE ThreadId(01) Prefix: VfsPath { path: "/addons/staticspawn/$PBOPREFIX$", fs: VFS { fs: OverlayFS { layers: [VfsPath { path: "", fs: VFS { fs: In Memory File System } }, VfsPath { path: "", fs: VFS { fs: AltrootFS { root: VfsPath { path: "", fs: VFS { fs: PhysicalFS { root: "D:\\Git\\ArmaForces\\MAI\\include" } } } } } }, VfsPath { path: "", fs: VFS { fs: AltrootFS { root: VfsPath { path: "", fs: VFS { fs: PhysicalFS { root: "C:\\Users\\Mydlo\\AppData\\Local\\Temp\\hemtt\\Git_ArmaForces_MAI\\output" } } } } } }, VfsPath { path: "", fs: VFS { fs: AltrootFS { root: VfsPath { path: "", fs: VFS { fs: PhysicalFS { root: "D:\\Git\\ArmaForces\\MAI" } } } } } }] } } }
2024-05-14T09:10:48.083623Z TRACE ThreadId(01) config.cpp: VfsPath { path: "/addons/staticspawn/config.cpp", fs: VFS { fs: OverlayFS { layers: [VfsPath { path: "", fs: VFS { fs: In Memory File System } }, VfsPath { path: "", fs: VFS { fs: AltrootFS { root: VfsPath { path: "", fs: VFS { fs: PhysicalFS { root: "D:\\Git\\ArmaForces\\MAI\\include" } } } } } }, VfsPath { path: "", fs: VFS { fs: AltrootFS { root: VfsPath { path: "", fs: VFS { fs: PhysicalFS { root: "C:\\Users\\Mydlo\\AppData\\Local\\Temp\\hemtt\\Git_ArmaForces_MAI\\output" } } } } } }, VfsPath { path: "", fs: VFS { fs: AltrootFS { root: VfsPath { path: "", fs: VFS { fs: PhysicalFS { root: "D:\\Git\\ArmaForces\\MAI" } } } } } }] } } }
2024-05-14T09:10:48.085071Z TRACE ThreadId(01) Prefix: VfsPath { path: "/addons/simpleSpawn/$PBOPREFIX$", fs: VFS { fs: OverlayFS { layers: [VfsPath { path: "", fs: VFS { fs: In Memory File System } }, VfsPath { path: "", fs: VFS { fs: AltrootFS { root: VfsPath { path: "", fs: VFS { fs: PhysicalFS { root: "D:\\Git\\ArmaForces\\MAI\\include" } } } } } }, VfsPath { path: "", fs: VFS { fs: AltrootFS { root: VfsPath { path: "", fs: VFS { fs: PhysicalFS { root: "C:\\Users\\Mydlo\\AppData\\Local\\Temp\\hemtt\\Git_ArmaForces_MAI\\output" } } } } } }, VfsPath { path: "", fs: VFS { fs: AltrootFS { root: VfsPath { path: "", fs: VFS { fs: PhysicalFS { root: "D:\\Git\\ArmaForces\\MAI" } } } } } }] } } }
2024-05-14T09:10:48.085331Z TRACE ThreadId(01) config.cpp: VfsPath { path: "/addons/simpleSpawn/config.cpp", fs: VFS { fs: OverlayFS { layers: [VfsPath { path: "", fs: VFS { fs: In Memory File System } }, VfsPath { path: "", fs: VFS { fs: AltrootFS { root: VfsPath { path: "", fs: VFS { fs: PhysicalFS { root: "D:\\Git\\ArmaForces\\MAI\\include" } } } } } }, VfsPath { path: "", fs: VFS { fs: AltrootFS { root: VfsPath { path: "", fs: VFS { fs: PhysicalFS { root: "C:\\Users\\Mydlo\\AppData\\Local\\Temp\\hemtt\\Git_ArmaForces_MAI\\output" } } } } } }, VfsPath { path: "", fs: VFS { fs: AltrootFS { root: VfsPath { path: "", fs: VFS { fs: PhysicalFS { root: "D:\\Git\\ArmaForces\\MAI" } } } } } }] } } }
2024-05-14T09:10:48.086385Z TRACE ThreadId(01) Prefix: VfsPath { path: "/addons/supressHide/$PBOPREFIX$", fs: VFS { fs: OverlayFS { layers: [VfsPath { path: "", fs: VFS { fs: In Memory File System } }, VfsPath { path: "", fs: VFS { fs: AltrootFS { root: VfsPath { path: "", fs: VFS { fs: PhysicalFS { root: "D:\\Git\\ArmaForces\\MAI\\include" } } } } } }, VfsPath { path: "", fs: VFS { fs: AltrootFS { root: VfsPath { path: "", fs: VFS { fs: PhysicalFS { root: "C:\\Users\\Mydlo\\AppData\\Local\\Temp\\hemtt\\Git_ArmaForces_MAI\\output" } } } } } }, VfsPath { path: "", fs: VFS { fs: AltrootFS { root: VfsPath { path: "", fs: VFS { fs: PhysicalFS { root: "D:\\Git\\ArmaForces\\MAI" } } } } } }] } } }
2024-05-14T09:10:48.086556Z TRACE ThreadId(01) config.cpp: VfsPath { path: "/addons/supressHide/config.cpp", fs: VFS { fs: OverlayFS { layers: [VfsPath { path: "", fs: VFS { fs: In Memory File System } }, VfsPath { path: "", fs: VFS { fs: AltrootFS { root: VfsPath { path: "", fs: VFS { fs: PhysicalFS { root: "D:\\Git\\ArmaForces\\MAI\\include" } } } } } }, VfsPath { path: "", fs: VFS { fs: AltrootFS { root: VfsPath { path: "", fs: VFS { fs: PhysicalFS { root: "C:\\Users\\Mydlo\\AppData\\Local\\Temp\\hemtt\\Git_ArmaForces_MAI\\output" } } } } } }, VfsPath { path: "", fs: VFS { fs: AltrootFS { root: VfsPath { path: "", fs: VFS { fs: PhysicalFS { root: "D:\\Git\\ArmaForces\\MAI" } } } } } }] } } }
2024-05-14T09:10:48.087310Z TRACE ThreadId(01) Prefix: VfsPath { path: "/addons/main/$PBOPREFIX$", fs: VFS { fs: OverlayFS { layers: [VfsPath { path: "", fs: VFS { fs: In Memory File System } }, VfsPath { path: "", fs: VFS { fs: AltrootFS { root: VfsPath { path: "", fs: VFS { fs: PhysicalFS { root: "D:\\Git\\ArmaForces\\MAI\\include" } } } } } }, VfsPath { path: "", fs: VFS { fs: AltrootFS { root: VfsPath { path: "", fs: VFS { fs: PhysicalFS { root: "C:\\Users\\Mydlo\\AppData\\Local\\Temp\\hemtt\\Git_ArmaForces_MAI\\output" } } } } } }, VfsPath { path: "", fs: VFS { fs: AltrootFS { root: VfsPath { path: "", fs: VFS { fs: PhysicalFS { root: "D:\\Git\\ArmaForces\\MAI" } } } } } }] } } }
2024-05-14T09:10:48.087707Z TRACE ThreadId(01) config.cpp: VfsPath { path: "/addons/main/config.cpp", fs: VFS { fs: OverlayFS { layers: [VfsPath { path: "", fs: VFS { fs: In Memory File System } }, VfsPath { path: "", fs: VFS { fs: AltrootFS { root: VfsPath { path: "", fs: VFS { fs: PhysicalFS { root: "D:\\Git\\ArmaForces\\MAI\\include" } } } } } }, VfsPath { path: "", fs: VFS { fs: AltrootFS { root: VfsPath { path: "", fs: VFS { fs: PhysicalFS { root: "C:\\Users\\Mydlo\\AppData\\Local\\Temp\\hemtt\\Git_ArmaForces_MAI\\output" } } } } } }, VfsPath { path: "", fs: VFS { fs: AltrootFS { root: VfsPath { path: "", fs: VFS { fs: PhysicalFS { root: "D:\\Git\\ArmaForces\\MAI" } } } } } }] } } }
2024-05-14T09:10:48.088999Z TRACE ThreadId(01) config.cpp: VfsPath { path: "/addons/hiddenUnitSpawner/config.cpp", fs: VFS { fs: OverlayFS { layers: [VfsPath { path: "", fs: VFS { fs: In Memory File System } }, VfsPath { path: "", fs: VFS { fs: AltrootFS { root: VfsPath { path: "", fs: VFS { fs: PhysicalFS { root: "D:\\Git\\ArmaForces\\MAI\\include" } } } } } }, VfsPath { path: "", fs: VFS { fs: AltrootFS { root: VfsPath { path: "", fs: VFS { fs: PhysicalFS { root: "C:\\Users\\Mydlo\\AppData\\Local\\Temp\\hemtt\\Git_ArmaForces_MAI\\output" } } } } } }, VfsPath { path: "", fs: VFS { fs: AltrootFS { root: VfsPath { path: "", fs: VFS { fs: PhysicalFS { root: "D:\\Git\\ArmaForces\\MAI" } } } } } }] } } }
2024-05-14T09:10:48.089294Z TRACE ThreadId(01) Prefix: VfsPath { path: "/addons/hiddenUnitSpawner/$PBOPREFIX$", fs: VFS { fs: OverlayFS { layers: [VfsPath { path: "", fs: VFS { fs: In Memory File System } }, VfsPath { path: "", fs: VFS { fs: AltrootFS { root: VfsPath { path: "", fs: VFS { fs: PhysicalFS { root: "D:\\Git\\ArmaForces\\MAI\\include" } } } } } }, VfsPath { path: "", fs: VFS { fs: AltrootFS { root: VfsPath { path: "", fs: VFS { fs: PhysicalFS { root: "C:\\Users\\Mydlo\\AppData\\Local\\Temp\\hemtt\\Git_ArmaForces_MAI\\output" } } } } } }, VfsPath { path: "", fs: VFS { fs: AltrootFS { root: VfsPath { path: "", fs: VFS { fs: PhysicalFS { root: "D:\\Git\\ArmaForces\\MAI" } } } } } }] } } }
2024-05-14T09:10:48.097128Z TRACE ThreadId(01) checking for version macro in VfsPath { path: "/addons/main/script_version.hpp", fs: VFS { fs: OverlayFS { layers: [VfsPath { path: "", fs: VFS { fs: In Memory File System } }, VfsPath { path: "", fs: VFS { fs: AltrootFS { root: VfsPath { path: "", fs: VFS { fs: PhysicalFS { root: "D:\\Git\\ArmaForces\\MAI\\include" } } } } } }, VfsPath { path: "", fs: VFS { fs: AltrootFS { root: VfsPath { path: "", fs: VFS { fs: PhysicalFS { root: "C:\\Users\\Mydlo\\AppData\\Local\\Temp\\hemtt\\Git_ArmaForces_MAI\\output" } } } } } }, VfsPath { path: "", fs: VFS { fs: AltrootFS { root: VfsPath { path: "", fs: VFS { fs: PhysicalFS { root: "D:\\Git\\ArmaForces\\MAI" } } } } } }] } } }
2024-05-14T09:10:48.100512Z  INFO ThreadId(01) Config loaded for ArmaForces MAI 0.0.0-0c7d4fd2
2024-05-14T09:10:48.100560Z TRACE ThreadId(01) Scanning D:\Git\ArmaForces\MAI\addons for addons
2024-05-14T09:10:48.101008Z  WARN ThreadId(01) Addon name hiddenUnitSpawner is not lowercase, it is highly recommended to use lowercase names
2024-05-14T09:10:48.101109Z  WARN ThreadId(01) Addon name simpleSpawn is not lowercase, it is highly recommended to use lowercase names
2024-05-14T09:10:48.101273Z  WARN ThreadId(01) Addon name supressHide is not lowercase, it is highly recommended to use lowercase names
2024-05-14T09:10:48.101408Z  WARN ThreadId(01) Use of `--just` is not recommended, only use it if you know what you're doing
2024-05-14T09:10:48.101544Z  INFO ThreadId(01) Creating `build` version
2024-05-14T09:10:48.101557Z TRACE ThreadId(01) phase: init (Hooks) (start)
2024-05-14T09:10:48.101591Z TRACE ThreadId(01) no hooks folder
2024-05-14T09:10:48.101593Z TRACE ThreadId(01) phase: init (Hooks) (done)
2024-05-14T09:10:48.101595Z TRACE ThreadId(01) phase: init (Rapifier) (start)
2024-05-14T09:10:48.101597Z TRACE ThreadId(01) phase: init (Rapifier) (done)
2024-05-14T09:10:48.101598Z TRACE ThreadId(01) phase: init (SQF) (start)
2024-05-14T09:10:48.101600Z TRACE ThreadId(01) phase: init (SQF) (done)
2024-05-14T09:10:48.101601Z TRACE ThreadId(01) phase: init (ArmaScriptCompiler) (start)
2024-05-14T09:10:48.101606Z TRACE ThreadId(01) using asc folder at "C:\\Users\\Mydlo\\AppData\\Local\\Temp\\hemtt\\Git_ArmaForces_MAI\\asc"
2024-05-14T09:10:48.101817Z TRACE ThreadId(01) phase: init (ArmaScriptCompiler) (done)
2024-05-14T09:10:48.101820Z TRACE ThreadId(01) phase: init (Binarize) (start)
2024-05-14T09:10:48.103632Z TRACE ThreadId(01) junction link "C:\\Users\\Mydlo\\AppData\\Local\\Temp\\hemtt\\Git_ArmaForces_MAI\\source\\z\\afmai\\addons\\main" => "D:\\Git\\ArmaForces\\MAI\\addons\\main"
2024-05-14T09:10:48.111164Z TRACE ThreadId(01) junction link "C:\\Users\\Mydlo\\AppData\\Local\\Temp\\hemtt\\Git_ArmaForces_MAI\\source\\a3\\ui_f" => "D:\\Git\\ArmaForces\\MAI\\include\\a3\\ui_f"
2024-05-14T09:10:48.117919Z TRACE ThreadId(01) junction link "C:\\Users\\Mydlo\\AppData\\Local\\Temp\\hemtt\\Git_ArmaForces_MAI\\source\\x\\cba" => "D:\\Git\\ArmaForces\\MAI\\include\\x\\cba"
2024-05-14T09:10:48.124275Z TRACE ThreadId(01) phase: init (Binarize) (done)
2024-05-14T09:10:48.124285Z TRACE ThreadId(01) phase: init (Files) (start)
2024-05-14T09:10:48.124287Z TRACE ThreadId(01) phase: init (Files) (done)
2024-05-14T09:10:48.124289Z TRACE ThreadId(01) phase: check (Hooks) (start)
2024-05-14T09:10:48.124291Z TRACE ThreadId(01) phase: check (Hooks) (done)
2024-05-14T09:10:48.124292Z TRACE ThreadId(01) phase: check (Rapifier) (start)
2024-05-14T09:10:48.124294Z TRACE ThreadId(01) phase: check (Rapifier) (done)
2024-05-14T09:10:48.124296Z TRACE ThreadId(01) phase: check (SQF) (start)
2024-05-14T09:10:48.124297Z TRACE ThreadId(01) phase: check (SQF) (done)
2024-05-14T09:10:48.124299Z TRACE ThreadId(01) phase: check (ArmaScriptCompiler) (start)
2024-05-14T09:10:48.124301Z TRACE ThreadId(01) phase: check (ArmaScriptCompiler) (done)
2024-05-14T09:10:48.124302Z TRACE ThreadId(01) phase: check (Binarize) (start)
2024-05-14T09:10:48.124304Z TRACE ThreadId(01) phase: check (Binarize) (done)
2024-05-14T09:10:48.124305Z TRACE ThreadId(01) phase: check (Files) (start)
2024-05-14T09:10:48.124307Z TRACE ThreadId(01) phase: check (Files) (done)
2024-05-14T09:10:48.124308Z TRACE ThreadId(01) phase: pre_build (Hooks) (start)
2024-05-14T09:10:48.124316Z TRACE ThreadId(01) phase: pre_build (Hooks) (done)
2024-05-14T09:10:48.124319Z TRACE ThreadId(01) phase: pre_build (Rapifier) (start)
2024-05-14T09:10:48.127833Z TRACE ThreadId(01) Located with parent: vfs /addons/main/script_component.hpp
2024-05-14T09:10:48.128091Z TRACE ThreadId(01) Located with prefix pointer: VfsPath { path: "/addons/main/script_mod.hpp", fs: VFS { fs: OverlayFS { layers: [VfsPath { path: "", fs: VFS { fs: In Memory File System } }, VfsPath { path: "", fs: VFS { fs: AltrootFS { root: VfsPath { path: "", fs: VFS { fs: PhysicalFS { root: "D:\\Git\\ArmaForces\\MAI\\include" } } } } } }, VfsPath { path: "", fs: VFS { fs: AltrootFS { root: VfsPath { path: "", fs: VFS { fs: PhysicalFS { root: "C:\\Users\\Mydlo\\AppData\\Local\\Temp\\hemtt\\Git_ArmaForces_MAI\\output" } } } } } }, VfsPath { path: "", fs: VFS { fs: AltrootFS { root: VfsPath { path: "", fs: VFS { fs: PhysicalFS { root: "D:\\Git\\ArmaForces\\MAI" } } } } } }] } } }
2024-05-14T09:10:48.128306Z TRACE ThreadId(01) Located with parent: vfs /addons/main/script_version.hpp
2024-05-14T09:10:48.128557Z TRACE ThreadId(01) Located with prefix pointer: VfsPath { path: "/addons/main/script_macros.hpp", fs: VFS { fs: OverlayFS { layers: [VfsPath { path: "", fs: VFS { fs: In Memory File System } }, VfsPath { path: "", fs: VFS { fs: AltrootFS { root: VfsPath { path: "", fs: VFS { fs: PhysicalFS { root: "D:\\Git\\ArmaForces\\MAI\\include" } } } } } }, VfsPath { path: "", fs: VFS { fs: AltrootFS { root: VfsPath { path: "", fs: VFS { fs: PhysicalFS { root: "C:\\Users\\Mydlo\\AppData\\Local\\Temp\\hemtt\\Git_ArmaForces_MAI\\output" } } } } } }, VfsPath { path: "", fs: VFS { fs: AltrootFS { root: VfsPath { path: "", fs: VFS { fs: PhysicalFS { root: "D:\\Git\\ArmaForces\\MAI" } } } } } }] } } }
2024-05-14T09:10:48.128844Z TRACE ThreadId(01) Located with absolute path: "/x/cba/addons/main/script_macros_common.hpp"
2024-05-14T09:10:48.133453Z TRACE ThreadId(01) Located with prefix pointer: VfsPath { path: "/addons/main/script_debug.hpp", fs: VFS { fs: OverlayFS { layers: [VfsPath { path: "", fs: VFS { fs: In Memory File System } }, VfsPath { path: "", fs: VFS { fs: AltrootFS { root: VfsPath { path: "", fs: VFS { fs: PhysicalFS { root: "D:\\Git\\ArmaForces\\MAI\\include" } } } } } }, VfsPath { path: "", fs: VFS { fs: AltrootFS { root: VfsPath { path: "", fs: VFS { fs: PhysicalFS { root: "C:\\Users\\Mydlo\\AppData\\Local\\Temp\\hemtt\\Git_ArmaForces_MAI\\output" } } } } } }, VfsPath { path: "", fs: VFS { fs: AltrootFS { root: VfsPath { path: "", fs: VFS { fs: PhysicalFS { root: "D:\\Git\\ArmaForces\\MAI" } } } } } }] } } }
2024-05-14T09:10:48.133784Z TRACE ThreadId(01) Located with parent: vfs /addons/main/CfgEden.hpp
2024-05-14T09:10:48.134002Z TRACE ThreadId(01) Located with parent: vfs /addons/main/CfgModuleCategories.hpp
2024-05-14T09:10:48.134208Z TRACE ThreadId(01) Located with parent: vfs /addons/main/DisplayEden.hpp
2024-05-14T09:10:48.137627Z  INFO ThreadId(01) Rapified 1 addon configs
2024-05-14T09:10:48.137637Z TRACE ThreadId(01) phase: pre_build (Rapifier) (done)
2024-05-14T09:10:48.137639Z TRACE ThreadId(01) phase: pre_build (SQF) (start)
2024-05-14T09:10:48.338964Z TRACE ThreadId(02) asc compiling /addons/main/functions/fnc_getVehicleInfo.sqf
2024-05-14T09:10:48.338967Z TRACE ThreadId(04) asc compiling /addons/main/functions/fnc_expectedNewUnitsCountReturn.sqf
2024-05-14T09:10:48.338976Z TRACE ThreadId(10) asc compiling /addons/main/functions/fnc_checkActivateConditions.sqf
2024-05-14T09:10:48.338973Z TRACE ThreadId(05) asc compiling /addons/main/functions/fnc_moveInVehicleRole.sqf
2024-05-14T09:10:48.338974Z TRACE ThreadId(07) asc compiling /addons/main/functions/fnc_patrolRandomWaypoints.sqf
2024-05-14T09:10:48.338972Z TRACE ThreadId(08) asc compiling /addons/main/functions/fnc_createVehicleFromInfo.sqf
2024-05-14T09:10:48.338973Z TRACE ThreadId(06) asc compiling /addons/main/functions/fnc_getGroups.sqf
2024-05-14T09:10:48.338976Z TRACE ThreadId(09) asc compiling /addons/main/functions/fnc_spawnAI.sqf
2024-05-14T09:10:48.338968Z TRACE ThreadId(03) asc compiling /addons/main/functions/fnc_HCfind.sqf
2024-05-14T09:10:48.339389Z TRACE ThreadId(04) Located with parent: vfs /addons/main/functions/script_component.hpp
2024-05-14T09:10:48.339573Z TRACE ThreadId(03) Located with parent: vfs /addons/main/functions/script_component.hpp
2024-05-14T09:10:48.339610Z TRACE ThreadId(07) Located with parent: vfs /addons/main/functions/script_component.hpp
2024-05-14T09:10:48.339642Z TRACE ThreadId(09) Located with parent: vfs /addons/main/functions/script_component.hpp
2024-05-14T09:10:48.339786Z TRACE ThreadId(04) Located with prefix pointer: VfsPath { path: "/addons/main/script_component.hpp", fs: VFS { fs: OverlayFS { layers: [VfsPath { path: "", fs: VFS { fs: In Memory File System } }, VfsPath { path: "", fs: VFS { fs: AltrootFS { root: VfsPath { path: "", fs: VFS { fs: PhysicalFS { root: "D:\\Git\\ArmaForces\\MAI\\include" } } } } } }, VfsPath { path: "", fs: VFS { fs: AltrootFS { root: VfsPath { path: "", fs: VFS { fs: PhysicalFS { root: "C:\\Users\\Mydlo\\AppData\\Local\\Temp\\hemtt\\Git_ArmaForces_MAI\\output" } } } } } }, VfsPath { path: "", fs: VFS { fs: AltrootFS { root: VfsPath { path: "", fs: VFS { fs: PhysicalFS { root: "D:\\Git\\ArmaForces\\MAI" } } } } } }] } } }
2024-05-14T09:10:48.339819Z TRACE ThreadId(02) Located with parent: vfs /addons/main/functions/script_component.hpp
2024-05-14T09:10:48.339848Z TRACE ThreadId(05) Located with parent: vfs /addons/main/functions/script_component.hpp
2024-05-14T09:10:48.339969Z TRACE ThreadId(10) Located with parent: vfs /addons/main/functions/script_component.hpp
2024-05-14T09:10:48.340006Z TRACE ThreadId(08) Located with parent: vfs /addons/main/functions/script_component.hpp
2024-05-14T09:10:48.340055Z TRACE ThreadId(06) Located with parent: vfs /addons/main/functions/script_component.hpp
2024-05-14T09:10:48.340132Z TRACE ThreadId(04) Located with prefix pointer: VfsPath { path: "/addons/main/script_mod.hpp", fs: VFS { fs: OverlayFS { layers: [VfsPath { path: "", fs: VFS { fs: In Memory File System } }, VfsPath { path: "", fs: VFS { fs: AltrootFS { root: VfsPath { path: "", fs: VFS { fs: PhysicalFS { root: "D:\\Git\\ArmaForces\\MAI\\include" } } } } } }, VfsPath { path: "", fs: VFS { fs: AltrootFS { root: VfsPath { path: "", fs: VFS { fs: PhysicalFS { root: "C:\\Users\\Mydlo\\AppData\\Local\\Temp\\hemtt\\Git_ArmaForces_MAI\\output" } } } } } }, VfsPath { path: "", fs: VFS { fs: AltrootFS { root: VfsPath { path: "", fs: VFS { fs: PhysicalFS { root: "D:\\Git\\ArmaForces\\MAI" } } } } } }] } } }
2024-05-14T09:10:48.340237Z TRACE ThreadId(03) Located with prefix pointer: VfsPath { path: "/addons/main/script_component.hpp", fs: VFS { fs: OverlayFS { layers: [VfsPath { path: "", fs: VFS { fs: In Memory File System } }, VfsPath { path: "", fs: VFS { fs: AltrootFS { root: VfsPath { path: "", fs: VFS { fs: PhysicalFS { root: "D:\\Git\\ArmaForces\\MAI\\include" } } } } } }, VfsPath { path: "", fs: VFS { fs: AltrootFS { root: VfsPath { path: "", fs: VFS { fs: PhysicalFS { root: "C:\\Users\\Mydlo\\AppData\\Local\\Temp\\hemtt\\Git_ArmaForces_MAI\\output" } } } } } }, VfsPath { path: "", fs: VFS { fs: AltrootFS { root: VfsPath { path: "", fs: VFS { fs: PhysicalFS { root: "D:\\Git\\ArmaForces\\MAI" } } } } } }] } } }
2024-05-14T09:10:48.340399Z TRACE ThreadId(04) Located with parent: vfs /addons/main/script_version.hpp
2024-05-14T09:10:48.340398Z TRACE ThreadId(07) Located with prefix pointer: VfsPath { path: "/addons/main/script_component.hpp", fs: VFS { fs: OverlayFS { layers: [VfsPath { path: "", fs: VFS { fs: In Memory File System } }, VfsPath { path: "", fs: VFS { fs: AltrootFS { root: VfsPath { path: "", fs: VFS { fs: PhysicalFS { root: "D:\\Git\\ArmaForces\\MAI\\include" } } } } } }, VfsPath { path: "", fs: VFS { fs: AltrootFS { root: VfsPath { path: "", fs: VFS { fs: PhysicalFS { root: "C:\\Users\\Mydlo\\AppData\\Local\\Temp\\hemtt\\Git_ArmaForces_MAI\\output" } } } } } }, VfsPath { path: "", fs: VFS { fs: AltrootFS { root: VfsPath { path: "", fs: VFS { fs: PhysicalFS { root: "D:\\Git\\ArmaForces\\MAI" } } } } } }] } } }
2024-05-14T09:10:48.340456Z TRACE ThreadId(09) Located with prefix pointer: VfsPath { path: "/addons/main/script_component.hpp", fs: VFS { fs: OverlayFS { layers: [VfsPath { path: "", fs: VFS { fs: In Memory File System } }, VfsPath { path: "", fs: VFS { fs: AltrootFS { root: VfsPath { path: "", fs: VFS { fs: PhysicalFS { root: "D:\\Git\\ArmaForces\\MAI\\include" } } } } } }, VfsPath { path: "", fs: VFS { fs: AltrootFS { root: VfsPath { path: "", fs: VFS { fs: PhysicalFS { root: "C:\\Users\\Mydlo\\AppData\\Local\\Temp\\hemtt\\Git_ArmaForces_MAI\\output" } } } } } }, VfsPath { path: "", fs: VFS { fs: AltrootFS { root: VfsPath { path: "", fs: VFS { fs: PhysicalFS { root: "D:\\Git\\ArmaForces\\MAI" } } } } } }] } } }
2024-05-14T09:10:48.340589Z TRACE ThreadId(02) Located with prefix pointer: VfsPath { path: "/addons/main/script_component.hpp", fs: VFS { fs: OverlayFS { layers: [VfsPath { path: "", fs: VFS { fs: In Memory File System } }, VfsPath { path: "", fs: VFS { fs: AltrootFS { root: VfsPath { path: "", fs: VFS { fs: PhysicalFS { root: "D:\\Git\\ArmaForces\\MAI\\include" } } } } } }, VfsPath { path: "", fs: VFS { fs: AltrootFS { root: VfsPath { path: "", fs: VFS { fs: PhysicalFS { root: "C:\\Users\\Mydlo\\AppData\\Local\\Temp\\hemtt\\Git_ArmaForces_MAI\\output" } } } } } }, VfsPath { path: "", fs: VFS { fs: AltrootFS { root: VfsPath { path: "", fs: VFS { fs: PhysicalFS { root: "D:\\Git\\ArmaForces\\MAI" } } } } } }] } } }
2024-05-14T09:10:48.340609Z TRACE ThreadId(03) Located with prefix pointer: VfsPath { path: "/addons/main/script_mod.hpp", fs: VFS { fs: OverlayFS { layers: [VfsPath { path: "", fs: VFS { fs: In Memory File System } }, VfsPath { path: "", fs: VFS { fs: AltrootFS { root: VfsPath { path: "", fs: VFS { fs: PhysicalFS { root: "D:\\Git\\ArmaForces\\MAI\\include" } } } } } }, VfsPath { path: "", fs: VFS { fs: AltrootFS { root: VfsPath { path: "", fs: VFS { fs: PhysicalFS { root: "C:\\Users\\Mydlo\\AppData\\Local\\Temp\\hemtt\\Git_ArmaForces_MAI\\output" } } } } } }, VfsPath { path: "", fs: VFS { fs: AltrootFS { root: VfsPath { path: "", fs: VFS { fs: PhysicalFS { root: "D:\\Git\\ArmaForces\\MAI" } } } } } }] } } }
2024-05-14T09:10:48.340649Z TRACE ThreadId(08) Located with prefix pointer: VfsPath { path: "/addons/main/script_component.hpp", fs: VFS { fs: OverlayFS { layers: [VfsPath { path: "", fs: VFS { fs: In Memory File System } }, VfsPath { path: "", fs: VFS { fs: AltrootFS { root: VfsPath { path: "", fs: VFS { fs: PhysicalFS { root: "D:\\Git\\ArmaForces\\MAI\\include" } } } } } }, VfsPath { path: "", fs: VFS { fs: AltrootFS { root: VfsPath { path: "", fs: VFS { fs: PhysicalFS { root: "C:\\Users\\Mydlo\\AppData\\Local\\Temp\\hemtt\\Git_ArmaForces_MAI\\output" } } } } } }, VfsPath { path: "", fs: VFS { fs: AltrootFS { root: VfsPath { path: "", fs: VFS { fs: PhysicalFS { root: "D:\\Git\\ArmaForces\\MAI" } } } } } }] } } }
2024-05-14T09:10:48.340692Z TRACE ThreadId(04) Located with prefix pointer: VfsPath { path: "/addons/main/script_macros.hpp", fs: VFS { fs: OverlayFS { layers: [VfsPath { path: "", fs: VFS { fs: In Memory File System } }, VfsPath { path: "", fs: VFS { fs: AltrootFS { root: VfsPath { path: "", fs: VFS { fs: PhysicalFS { root: "D:\\Git\\ArmaForces\\MAI\\include" } } } } } }, VfsPath { path: "", fs: VFS { fs: AltrootFS { root: VfsPath { path: "", fs: VFS { fs: PhysicalFS { root: "C:\\Users\\Mydlo\\AppData\\Local\\Temp\\hemtt\\Git_ArmaForces_MAI\\output" } } } } } }, VfsPath { path: "", fs: VFS { fs: AltrootFS { root: VfsPath { path: "", fs: VFS { fs: PhysicalFS { root: "D:\\Git\\ArmaForces\\MAI" } } } } } }] } } }
2024-05-14T09:10:48.340721Z TRACE ThreadId(06) Located with prefix pointer: VfsPath { path: "/addons/main/script_component.hpp", fs: VFS { fs: OverlayFS { layers: [VfsPath { path: "", fs: VFS { fs: In Memory File System } }, VfsPath { path: "", fs: VFS { fs: AltrootFS { root: VfsPath { path: "", fs: VFS { fs: PhysicalFS { root: "D:\\Git\\ArmaForces\\MAI\\include" } } } } } }, VfsPath { path: "", fs: VFS { fs: AltrootFS { root: VfsPath { path: "", fs: VFS { fs: PhysicalFS { root: "C:\\Users\\Mydlo\\AppData\\Local\\Temp\\hemtt\\Git_ArmaForces_MAI\\output" } } } } } }, VfsPath { path: "", fs: VFS { fs: AltrootFS { root: VfsPath { path: "", fs: VFS { fs: PhysicalFS { root: "D:\\Git\\ArmaForces\\MAI" } } } } } }] } } }
2024-05-14T09:10:48.340741Z TRACE ThreadId(05) Located with prefix pointer: VfsPath { path: "/addons/main/script_component.hpp", fs: VFS { fs: OverlayFS { layers: [VfsPath { path: "", fs: VFS { fs: In Memory File System } }, VfsPath { path: "", fs: VFS { fs: AltrootFS { root: VfsPath { path: "", fs: VFS { fs: PhysicalFS { root: "D:\\Git\\ArmaForces\\MAI\\include" } } } } } }, VfsPath { path: "", fs: VFS { fs: AltrootFS { root: VfsPath { path: "", fs: VFS { fs: PhysicalFS { root: "C:\\Users\\Mydlo\\AppData\\Local\\Temp\\hemtt\\Git_ArmaForces_MAI\\output" } } } } } }, VfsPath { path: "", fs: VFS { fs: AltrootFS { root: VfsPath { path: "", fs: VFS { fs: PhysicalFS { root: "D:\\Git\\ArmaForces\\MAI" } } } } } }] } } }
2024-05-14T09:10:48.340766Z TRACE ThreadId(10) Located with prefix pointer: VfsPath { path: "/addons/main/script_component.hpp", fs: VFS { fs: OverlayFS { layers: [VfsPath { path: "", fs: VFS { fs: In Memory File System } }, VfsPath { path: "", fs: VFS { fs: AltrootFS { root: VfsPath { path: "", fs: VFS { fs: PhysicalFS { root: "D:\\Git\\ArmaForces\\MAI\\include" } } } } } }, VfsPath { path: "", fs: VFS { fs: AltrootFS { root: VfsPath { path: "", fs: VFS { fs: PhysicalFS { root: "C:\\Users\\Mydlo\\AppData\\Local\\Temp\\hemtt\\Git_ArmaForces_MAI\\output" } } } } } }, VfsPath { path: "", fs: VFS { fs: AltrootFS { root: VfsPath { path: "", fs: VFS { fs: PhysicalFS { root: "D:\\Git\\ArmaForces\\MAI" } } } } } }] } } }
2024-05-14T09:10:48.340885Z TRACE ThreadId(03) Located with parent: vfs /addons/main/script_version.hpp
2024-05-14T09:10:48.341002Z TRACE ThreadId(07) Located with prefix pointer: VfsPath { path: "/addons/main/script_mod.hpp", fs: VFS { fs: OverlayFS { layers: [VfsPath { path: "", fs: VFS { fs: In Memory File System } }, VfsPath { path: "", fs: VFS { fs: AltrootFS { root: VfsPath { path: "", fs: VFS { fs: PhysicalFS { root: "D:\\Git\\ArmaForces\\MAI\\include" } } } } } }, VfsPath { path: "", fs: VFS { fs: AltrootFS { root: VfsPath { path: "", fs: VFS { fs: PhysicalFS { root: "C:\\Users\\Mydlo\\AppData\\Local\\Temp\\hemtt\\Git_ArmaForces_MAI\\output" } } } } } }, VfsPath { path: "", fs: VFS { fs: AltrootFS { root: VfsPath { path: "", fs: VFS { fs: PhysicalFS { root: "D:\\Git\\ArmaForces\\MAI" } } } } } }] } } }
2024-05-14T09:10:48.341049Z TRACE ThreadId(04) Located with absolute path: "/x/cba/addons/main/script_macros_common.hpp"
2024-05-14T09:10:48.341131Z TRACE ThreadId(09) Located with prefix pointer: VfsPath { path: "/addons/main/script_mod.hpp", fs: VFS { fs: OverlayFS { layers: [VfsPath { path: "", fs: VFS { fs: In Memory File System } }, VfsPath { path: "", fs: VFS { fs: AltrootFS { root: VfsPath { path: "", fs: VFS { fs: PhysicalFS { root: "D:\\Git\\ArmaForces\\MAI\\include" } } } } } }, VfsPath { path: "", fs: VFS { fs: AltrootFS { root: VfsPath { path: "", fs: VFS { fs: PhysicalFS { root: "C:\\Users\\Mydlo\\AppData\\Local\\Temp\\hemtt\\Git_ArmaForces_MAI\\output" } } } } } }, VfsPath { path: "", fs: VFS { fs: AltrootFS { root: VfsPath { path: "", fs: VFS { fs: PhysicalFS { root: "D:\\Git\\ArmaForces\\MAI" } } } } } }] } } }
2024-05-14T09:10:48.341237Z TRACE ThreadId(03) Located with prefix pointer: VfsPath { path: "/addons/main/script_macros.hpp", fs: VFS { fs: OverlayFS { layers: [VfsPath { path: "", fs: VFS { fs: In Memory File System } }, VfsPath { path: "", fs: VFS { fs: AltrootFS { root: VfsPath { path: "", fs: VFS { fs: PhysicalFS { root: "D:\\Git\\ArmaForces\\MAI\\include" } } } } } }, VfsPath { path: "", fs: VFS { fs: AltrootFS { root: VfsPath { path: "", fs: VFS { fs: PhysicalFS { root: "C:\\Users\\Mydlo\\AppData\\Local\\Temp\\hemtt\\Git_ArmaForces_MAI\\output" } } } } } }, VfsPath { path: "", fs: VFS { fs: AltrootFS { root: VfsPath { path: "", fs: VFS { fs: PhysicalFS { root: "D:\\Git\\ArmaForces\\MAI" } } } } } }] } } }
2024-05-14T09:10:48.341262Z TRACE ThreadId(02) Located with prefix pointer: VfsPath { path: "/addons/main/script_mod.hpp", fs: VFS { fs: OverlayFS { layers: [VfsPath { path: "", fs: VFS { fs: In Memory File System } }, VfsPath { path: "", fs: VFS { fs: AltrootFS { root: VfsPath { path: "", fs: VFS { fs: PhysicalFS { root: "D:\\Git\\ArmaForces\\MAI\\include" } } } } } }, VfsPath { path: "", fs: VFS { fs: AltrootFS { root: VfsPath { path: "", fs: VFS { fs: PhysicalFS { root: "C:\\Users\\Mydlo\\AppData\\Local\\Temp\\hemtt\\Git_ArmaForces_MAI\\output" } } } } } }, VfsPath { path: "", fs: VFS { fs: AltrootFS { root: VfsPath { path: "", fs: VFS { fs: PhysicalFS { root: "D:\\Git\\ArmaForces\\MAI" } } } } } }] } } }
2024-05-14T09:10:48.341318Z TRACE ThreadId(08) Located with prefix pointer: VfsPath { path: "/addons/main/script_mod.hpp", fs: VFS { fs: OverlayFS { layers: [VfsPath { path: "", fs: VFS { fs: In Memory File System } }, VfsPath { path: "", fs: VFS { fs: AltrootFS { root: VfsPath { path: "", fs: VFS { fs: PhysicalFS { root: "D:\\Git\\ArmaForces\\MAI\\include" } } } } } }, VfsPath { path: "", fs: VFS { fs: AltrootFS { root: VfsPath { path: "", fs: VFS { fs: PhysicalFS { root: "C:\\Users\\Mydlo\\AppData\\Local\\Temp\\hemtt\\Git_ArmaForces_MAI\\output" } } } } } }, VfsPath { path: "", fs: VFS { fs: AltrootFS { root: VfsPath { path: "", fs: VFS { fs: PhysicalFS { root: "D:\\Git\\ArmaForces\\MAI" } } } } } }] } } }
2024-05-14T09:10:48.341364Z TRACE ThreadId(06) Located with prefix pointer: VfsPath { path: "/addons/main/script_mod.hpp", fs: VFS { fs: OverlayFS { layers: [VfsPath { path: "", fs: VFS { fs: In Memory File System } }, VfsPath { path: "", fs: VFS { fs: AltrootFS { root: VfsPath { path: "", fs: VFS { fs: PhysicalFS { root: "D:\\Git\\ArmaForces\\MAI\\include" } } } } } }, VfsPath { path: "", fs: VFS { fs: AltrootFS { root: VfsPath { path: "", fs: VFS { fs: PhysicalFS { root: "C:\\Users\\Mydlo\\AppData\\Local\\Temp\\hemtt\\Git_ArmaForces_MAI\\output" } } } } } }, VfsPath { path: "", fs: VFS { fs: AltrootFS { root: VfsPath { path: "", fs: VFS { fs: PhysicalFS { root: "D:\\Git\\ArmaForces\\MAI" } } } } } }] } } }
2024-05-14T09:10:48.341389Z TRACE ThreadId(10) Located with prefix pointer: VfsPath { path: "/addons/main/script_mod.hpp", fs: VFS { fs: OverlayFS { layers: [VfsPath { path: "", fs: VFS { fs: In Memory File System } }, VfsPath { path: "", fs: VFS { fs: AltrootFS { root: VfsPath { path: "", fs: VFS { fs: PhysicalFS { root: "D:\\Git\\ArmaForces\\MAI\\include" } } } } } }, VfsPath { path: "", fs: VFS { fs: AltrootFS { root: VfsPath { path: "", fs: VFS { fs: PhysicalFS { root: "C:\\Users\\Mydlo\\AppData\\Local\\Temp\\hemtt\\Git_ArmaForces_MAI\\output" } } } } } }, VfsPath { path: "", fs: VFS { fs: AltrootFS { root: VfsPath { path: "", fs: VFS { fs: PhysicalFS { root: "D:\\Git\\ArmaForces\\MAI" } } } } } }] } } }
2024-05-14T09:10:48.341489Z TRACE ThreadId(07) Located with parent: vfs /addons/main/script_version.hpp
2024-05-14T09:10:48.341496Z TRACE ThreadId(05) Located with prefix pointer: VfsPath { path: "/addons/main/script_mod.hpp", fs: VFS { fs: OverlayFS { layers: [VfsPath { path: "", fs: VFS { fs: In Memory File System } }, VfsPath { path: "", fs: VFS { fs: AltrootFS { root: VfsPath { path: "", fs: VFS { fs: PhysicalFS { root: "D:\\Git\\ArmaForces\\MAI\\include" } } } } } }, VfsPath { path: "", fs: VFS { fs: AltrootFS { root: VfsPath { path: "", fs: VFS { fs: PhysicalFS { root: "C:\\Users\\Mydlo\\AppData\\Local\\Temp\\hemtt\\Git_ArmaForces_MAI\\output" } } } } } }, VfsPath { path: "", fs: VFS { fs: AltrootFS { root: VfsPath { path: "", fs: VFS { fs: PhysicalFS { root: "D:\\Git\\ArmaForces\\MAI" } } } } } }] } } }
2024-05-14T09:10:48.341556Z TRACE ThreadId(03) Located with absolute path: "/x/cba/addons/main/script_macros_common.hpp"
2024-05-14T09:10:48.341766Z TRACE ThreadId(09) Located with parent: vfs /addons/main/script_version.hpp
2024-05-14T09:10:48.341840Z TRACE ThreadId(07) Located with prefix pointer: VfsPath { path: "/addons/main/script_macros.hpp", fs: VFS { fs: OverlayFS { layers: [VfsPath { path: "", fs: VFS { fs: In Memory File System } }, VfsPath { path: "", fs: VFS { fs: AltrootFS { root: VfsPath { path: "", fs: VFS { fs: PhysicalFS { root: "D:\\Git\\ArmaForces\\MAI\\include" } } } } } }, VfsPath { path: "", fs: VFS { fs: AltrootFS { root: VfsPath { path: "", fs: VFS { fs: PhysicalFS { root: "C:\\Users\\Mydlo\\AppData\\Local\\Temp\\hemtt\\Git_ArmaForces_MAI\\output" } } } } } }, VfsPath { path: "", fs: VFS { fs: AltrootFS { root: VfsPath { path: "", fs: VFS { fs: PhysicalFS { root: "D:\\Git\\ArmaForces\\MAI" } } } } } }] } } }
2024-05-14T09:10:48.341876Z TRACE ThreadId(08) Located with parent: vfs /addons/main/script_version.hpp
2024-05-14T09:10:48.341991Z TRACE ThreadId(06) Located with parent: vfs /addons/main/script_version.hpp
2024-05-14T09:10:48.342058Z TRACE ThreadId(02) Located with parent: vfs /addons/main/script_version.hpp
2024-05-14T09:10:48.342085Z TRACE ThreadId(10) Located with parent: vfs /addons/main/script_version.hpp
2024-05-14T09:10:48.342091Z TRACE ThreadId(05) Located with parent: vfs /addons/main/script_version.hpp
2024-05-14T09:10:48.342336Z TRACE ThreadId(09) Located with prefix pointer: VfsPath { path: "/addons/main/script_macros.hpp", fs: VFS { fs: OverlayFS { layers: [VfsPath { path: "", fs: VFS { fs: In Memory File System } }, VfsPath { path: "", fs: VFS { fs: AltrootFS { root: VfsPath { path: "", fs: VFS { fs: PhysicalFS { root: "D:\\Git\\ArmaForces\\MAI\\include" } } } } } }, VfsPath { path: "", fs: VFS { fs: AltrootFS { root: VfsPath { path: "", fs: VFS { fs: PhysicalFS { root: "C:\\Users\\Mydlo\\AppData\\Local\\Temp\\hemtt\\Git_ArmaForces_MAI\\output" } } } } } }, VfsPath { path: "", fs: VFS { fs: AltrootFS { root: VfsPath { path: "", fs: VFS { fs: PhysicalFS { root: "D:\\Git\\ArmaForces\\MAI" } } } } } }] } } }
2024-05-14T09:10:48.342369Z TRACE ThreadId(07) Located with absolute path: "/x/cba/addons/main/script_macros_common.hpp"
2024-05-14T09:10:48.342510Z TRACE ThreadId(08) Located with prefix pointer: VfsPath { path: "/addons/main/script_macros.hpp", fs: VFS { fs: OverlayFS { layers: [VfsPath { path: "", fs: VFS { fs: In Memory File System } }, VfsPath { path: "", fs: VFS { fs: AltrootFS { root: VfsPath { path: "", fs: VFS { fs: PhysicalFS { root: "D:\\Git\\ArmaForces\\MAI\\include" } } } } } }, VfsPath { path: "", fs: VFS { fs: AltrootFS { root: VfsPath { path: "", fs: VFS { fs: PhysicalFS { root: "C:\\Users\\Mydlo\\AppData\\Local\\Temp\\hemtt\\Git_ArmaForces_MAI\\output" } } } } } }, VfsPath { path: "", fs: VFS { fs: AltrootFS { root: VfsPath { path: "", fs: VFS { fs: PhysicalFS { root: "D:\\Git\\ArmaForces\\MAI" } } } } } }] } } }
2024-05-14T09:10:48.342521Z TRACE ThreadId(06) Located with prefix pointer: VfsPath { path: "/addons/main/script_macros.hpp", fs: VFS { fs: OverlayFS { layers: [VfsPath { path: "", fs: VFS { fs: In Memory File System } }, VfsPath { path: "", fs: VFS { fs: AltrootFS { root: VfsPath { path: "", fs: VFS { fs: PhysicalFS { root: "D:\\Git\\ArmaForces\\MAI\\include" } } } } } }, VfsPath { path: "", fs: VFS { fs: AltrootFS { root: VfsPath { path: "", fs: VFS { fs: PhysicalFS { root: "C:\\Users\\Mydlo\\AppData\\Local\\Temp\\hemtt\\Git_ArmaForces_MAI\\output" } } } } } }, VfsPath { path: "", fs: VFS { fs: AltrootFS { root: VfsPath { path: "", fs: VFS { fs: PhysicalFS { root: "D:\\Git\\ArmaForces\\MAI" } } } } } }] } } }
2024-05-14T09:10:48.342642Z TRACE ThreadId(02) Located with prefix pointer: VfsPath { path: "/addons/main/script_macros.hpp", fs: VFS { fs: OverlayFS { layers: [VfsPath { path: "", fs: VFS { fs: In Memory File System } }, VfsPath { path: "", fs: VFS { fs: AltrootFS { root: VfsPath { path: "", fs: VFS { fs: PhysicalFS { root: "D:\\Git\\ArmaForces\\MAI\\include" } } } } } }, VfsPath { path: "", fs: VFS { fs: AltrootFS { root: VfsPath { path: "", fs: VFS { fs: PhysicalFS { root: "C:\\Users\\Mydlo\\AppData\\Local\\Temp\\hemtt\\Git_ArmaForces_MAI\\output" } } } } } }, VfsPath { path: "", fs: VFS { fs: AltrootFS { root: VfsPath { path: "", fs: VFS { fs: PhysicalFS { root: "D:\\Git\\ArmaForces\\MAI" } } } } } }] } } }
2024-05-14T09:10:48.342722Z TRACE ThreadId(05) Located with prefix pointer: VfsPath { path: "/addons/main/script_macros.hpp", fs: VFS { fs: OverlayFS { layers: [VfsPath { path: "", fs: VFS { fs: In Memory File System } }, VfsPath { path: "", fs: VFS { fs: AltrootFS { root: VfsPath { path: "", fs: VFS { fs: PhysicalFS { root: "D:\\Git\\ArmaForces\\MAI\\include" } } } } } }, VfsPath { path: "", fs: VFS { fs: AltrootFS { root: VfsPath { path: "", fs: VFS { fs: PhysicalFS { root: "C:\\Users\\Mydlo\\AppData\\Local\\Temp\\hemtt\\Git_ArmaForces_MAI\\output" } } } } } }, VfsPath { path: "", fs: VFS { fs: AltrootFS { root: VfsPath { path: "", fs: VFS { fs: PhysicalFS { root: "D:\\Git\\ArmaForces\\MAI" } } } } } }] } } }
2024-05-14T09:10:48.342726Z TRACE ThreadId(10) Located with prefix pointer: VfsPath { path: "/addons/main/script_macros.hpp", fs: VFS { fs: OverlayFS { layers: [VfsPath { path: "", fs: VFS { fs: In Memory File System } }, VfsPath { path: "", fs: VFS { fs: AltrootFS { root: VfsPath { path: "", fs: VFS { fs: PhysicalFS { root: "D:\\Git\\ArmaForces\\MAI\\include" } } } } } }, VfsPath { path: "", fs: VFS { fs: AltrootFS { root: VfsPath { path: "", fs: VFS { fs: PhysicalFS { root: "C:\\Users\\Mydlo\\AppData\\Local\\Temp\\hemtt\\Git_ArmaForces_MAI\\output" } } } } } }, VfsPath { path: "", fs: VFS { fs: AltrootFS { root: VfsPath { path: "", fs: VFS { fs: PhysicalFS { root: "D:\\Git\\ArmaForces\\MAI" } } } } } }] } } }
2024-05-14T09:10:48.342852Z TRACE ThreadId(09) Located with absolute path: "/x/cba/addons/main/script_macros_common.hpp"
2024-05-14T09:10:48.343092Z TRACE ThreadId(02) Located with absolute path: "/x/cba/addons/main/script_macros_common.hpp"
2024-05-14T09:10:48.343163Z TRACE ThreadId(08) Located with absolute path: "/x/cba/addons/main/script_macros_common.hpp"
2024-05-14T09:10:48.343229Z TRACE ThreadId(06) Located with absolute path: "/x/cba/addons/main/script_macros_common.hpp"
2024-05-14T09:10:48.343257Z TRACE ThreadId(05) Located with absolute path: "/x/cba/addons/main/script_macros_common.hpp"
2024-05-14T09:10:48.343280Z TRACE ThreadId(10) Located with absolute path: "/x/cba/addons/main/script_macros_common.hpp"
2024-05-14T09:10:48.349011Z TRACE ThreadId(04) Located with prefix pointer: VfsPath { path: "/addons/main/script_debug.hpp", fs: VFS { fs: OverlayFS { layers: [VfsPath { path: "", fs: VFS { fs: In Memory File System } }, VfsPath { path: "", fs: VFS { fs: AltrootFS { root: VfsPath { path: "", fs: VFS { fs: PhysicalFS { root: "D:\\Git\\ArmaForces\\MAI\\include" } } } } } }, VfsPath { path: "", fs: VFS { fs: AltrootFS { root: VfsPath { path: "", fs: VFS { fs: PhysicalFS { root: "C:\\Users\\Mydlo\\AppData\\Local\\Temp\\hemtt\\Git_ArmaForces_MAI\\output" } } } } } }, VfsPath { path: "", fs: VFS { fs: AltrootFS { root: VfsPath { path: "", fs: VFS { fs: PhysicalFS { root: "D:\\Git\\ArmaForces\\MAI" } } } } } }] } } }
2024-05-14T09:10:48.349636Z TRACE ThreadId(03) Located with prefix pointer: VfsPath { path: "/addons/main/script_debug.hpp", fs: VFS { fs: OverlayFS { layers: [VfsPath { path: "", fs: VFS { fs: In Memory File System } }, VfsPath { path: "", fs: VFS { fs: AltrootFS { root: VfsPath { path: "", fs: VFS { fs: PhysicalFS { root: "D:\\Git\\ArmaForces\\MAI\\include" } } } } } }, VfsPath { path: "", fs: VFS { fs: AltrootFS { root: VfsPath { path: "", fs: VFS { fs: PhysicalFS { root: "C:\\Users\\Mydlo\\AppData\\Local\\Temp\\hemtt\\Git_ArmaForces_MAI\\output" } } } } } }, VfsPath { path: "", fs: VFS { fs: AltrootFS { root: VfsPath { path: "", fs: VFS { fs: PhysicalFS { root: "D:\\Git\\ArmaForces\\MAI" } } } } } }] } } }
2024-05-14T09:10:48.351188Z TRACE ThreadId(09) Located with prefix pointer: VfsPath { path: "/addons/main/script_debug.hpp", fs: VFS { fs: OverlayFS { layers: [VfsPath { path: "", fs: VFS { fs: In Memory File System } }, VfsPath { path: "", fs: VFS { fs: AltrootFS { root: VfsPath { path: "", fs: VFS { fs: PhysicalFS { root: "D:\\Git\\ArmaForces\\MAI\\include" } } } } } }, VfsPath { path: "", fs: VFS { fs: AltrootFS { root: VfsPath { path: "", fs: VFS { fs: PhysicalFS { root: "C:\\Users\\Mydlo\\AppData\\Local\\Temp\\hemtt\\Git_ArmaForces_MAI\\output" } } } } } }, VfsPath { path: "", fs: VFS { fs: AltrootFS { root: VfsPath { path: "", fs: VFS { fs: PhysicalFS { root: "D:\\Git\\ArmaForces\\MAI" } } } } } }] } } }
2024-05-14T09:10:48.352397Z TRACE ThreadId(05) Located with prefix pointer: VfsPath { path: "/addons/main/script_debug.hpp", fs: VFS { fs: OverlayFS { layers: [VfsPath { path: "", fs: VFS { fs: In Memory File System } }, VfsPath { path: "", fs: VFS { fs: AltrootFS { root: VfsPath { path: "", fs: VFS { fs: PhysicalFS { root: "D:\\Git\\ArmaForces\\MAI\\include" } } } } } }, VfsPath { path: "", fs: VFS { fs: AltrootFS { root: VfsPath { path: "", fs: VFS { fs: PhysicalFS { root: "C:\\Users\\Mydlo\\AppData\\Local\\Temp\\hemtt\\Git_ArmaForces_MAI\\output" } } } } } }, VfsPath { path: "", fs: VFS { fs: AltrootFS { root: VfsPath { path: "", fs: VFS { fs: PhysicalFS { root: "D:\\Git\\ArmaForces\\MAI" } } } } } }] } } }
2024-05-14T09:10:48.352434Z TRACE ThreadId(07) Located with prefix pointer: VfsPath { path: "/addons/main/script_debug.hpp", fs: VFS { fs: OverlayFS { layers: [VfsPath { path: "", fs: VFS { fs: In Memory File System } }, VfsPath { path: "", fs: VFS { fs: AltrootFS { root: VfsPath { path: "", fs: VFS { fs: PhysicalFS { root: "D:\\Git\\ArmaForces\\MAI\\include" } } } } } }, VfsPath { path: "", fs: VFS { fs: AltrootFS { root: VfsPath { path: "", fs: VFS { fs: PhysicalFS { root: "C:\\Users\\Mydlo\\AppData\\Local\\Temp\\hemtt\\Git_ArmaForces_MAI\\output" } } } } } }, VfsPath { path: "", fs: VFS { fs: AltrootFS { root: VfsPath { path: "", fs: VFS { fs: PhysicalFS { root: "D:\\Git\\ArmaForces\\MAI" } } } } } }] } } }
2024-05-14T09:10:48.353206Z TRACE ThreadId(02) Located with prefix pointer: VfsPath { path: "/addons/main/script_debug.hpp", fs: VFS { fs: OverlayFS { layers: [VfsPath { path: "", fs: VFS { fs: In Memory File System } }, VfsPath { path: "", fs: VFS { fs: AltrootFS { root: VfsPath { path: "", fs: VFS { fs: PhysicalFS { root: "D:\\Git\\ArmaForces\\MAI\\include" } } } } } }, VfsPath { path: "", fs: VFS { fs: AltrootFS { root: VfsPath { path: "", fs: VFS { fs: PhysicalFS { root: "C:\\Users\\Mydlo\\AppData\\Local\\Temp\\hemtt\\Git_ArmaForces_MAI\\output" } } } } } }, VfsPath { path: "", fs: VFS { fs: AltrootFS { root: VfsPath { path: "", fs: VFS { fs: PhysicalFS { root: "D:\\Git\\ArmaForces\\MAI" } } } } } }] } } }
2024-05-14T09:10:48.353288Z TRACE ThreadId(08) Located with prefix pointer: VfsPath { path: "/addons/main/script_debug.hpp", fs: VFS { fs: OverlayFS { layers: [VfsPath { path: "", fs: VFS { fs: In Memory File System } }, VfsPath { path: "", fs: VFS { fs: AltrootFS { root: VfsPath { path: "", fs: VFS { fs: PhysicalFS { root: "D:\\Git\\ArmaForces\\MAI\\include" } } } } } }, VfsPath { path: "", fs: VFS { fs: AltrootFS { root: VfsPath { path: "", fs: VFS { fs: PhysicalFS { root: "C:\\Users\\Mydlo\\AppData\\Local\\Temp\\hemtt\\Git_ArmaForces_MAI\\output" } } } } } }, VfsPath { path: "", fs: VFS { fs: AltrootFS { root: VfsPath { path: "", fs: VFS { fs: PhysicalFS { root: "D:\\Git\\ArmaForces\\MAI" } } } } } }] } } }
2024-05-14T09:10:48.353729Z TRACE ThreadId(06) Located with prefix pointer: VfsPath { path: "/addons/main/script_debug.hpp", fs: VFS { fs: OverlayFS { layers: [VfsPath { path: "", fs: VFS { fs: In Memory File System } }, VfsPath { path: "", fs: VFS { fs: AltrootFS { root: VfsPath { path: "", fs: VFS { fs: PhysicalFS { root: "D:\\Git\\ArmaForces\\MAI\\include" } } } } } }, VfsPath { path: "", fs: VFS { fs: AltrootFS { root: VfsPath { path: "", fs: VFS { fs: PhysicalFS { root: "C:\\Users\\Mydlo\\AppData\\Local\\Temp\\hemtt\\Git_ArmaForces_MAI\\output" } } } } } }, VfsPath { path: "", fs: VFS { fs: AltrootFS { root: VfsPath { path: "", fs: VFS { fs: PhysicalFS { root: "D:\\Git\\ArmaForces\\MAI" } } } } } }] } } }
2024-05-14T09:10:48.353847Z TRACE ThreadId(10) Located with prefix pointer: VfsPath { path: "/addons/main/script_debug.hpp", fs: VFS { fs: OverlayFS { layers: [VfsPath { path: "", fs: VFS { fs: In Memory File System } }, VfsPath { path: "", fs: VFS { fs: AltrootFS { root: VfsPath { path: "", fs: VFS { fs: PhysicalFS { root: "D:\\Git\\ArmaForces\\MAI\\include" } } } } } }, VfsPath { path: "", fs: VFS { fs: AltrootFS { root: VfsPath { path: "", fs: VFS { fs: PhysicalFS { root: "C:\\Users\\Mydlo\\AppData\\Local\\Temp\\hemtt\\Git_ArmaForces_MAI\\output" } } } } } }, VfsPath { path: "", fs: VFS { fs: AltrootFS { root: VfsPath { path: "", fs: VFS { fs: PhysicalFS { root: "D:\\Git\\ArmaForces\\MAI" } } } } } }] } } }
2024-05-14T09:10:48.363508Z  INFO ThreadId(01) Validated 9 sqf files
2024-05-14T09:10:48.366084Z TRACE ThreadId(01) phase: pre_build (SQF) (done)
2024-05-14T09:10:48.366097Z TRACE ThreadId(01) phase: pre_build (ArmaScriptCompiler) (start)
2024-05-14T09:10:48.366312Z TRACE ThreadId(01) unpacking "asc.exe" to "C:\\Users\\Mydlo\\AppData\\Local\\Temp\\hemtt\\Git_ArmaForces_MAI\\asc\\asc.exe"
2024-05-14T09:10:48.375680Z TRACE ThreadId(05) Located with parent: vfs /addons/main/functions/script_component.hpp
2024-05-14T09:10:48.375862Z TRACE ThreadId(04) Located with parent: vfs /addons/main/functions/script_component.hpp
2024-05-14T09:10:48.375907Z TRACE ThreadId(06) Located with parent: vfs /addons/main/functions/script_component.hpp
2024-05-14T09:10:48.375924Z TRACE ThreadId(07) Located with parent: vfs /addons/main/functions/script_component.hpp
2024-05-14T09:10:48.376018Z TRACE ThreadId(12) Located with parent: vfs /addons/main/functions/script_component.hpp
2024-05-14T09:10:48.376286Z TRACE ThreadId(05) Located with prefix pointer: VfsPath { path: "/addons/main/script_component.hpp", fs: VFS { fs: OverlayFS { layers: [VfsPath { path: "", fs: VFS { fs: In Memory File System } }, VfsPath { path: "", fs: VFS { fs: AltrootFS { root: VfsPath { path: "", fs: VFS { fs: PhysicalFS { root: "D:\\Git\\ArmaForces\\MAI\\include" } } } } } }, VfsPath { path: "", fs: VFS { fs: AltrootFS { root: VfsPath { path: "", fs: VFS { fs: PhysicalFS { root: "C:\\Users\\Mydlo\\AppData\\Local\\Temp\\hemtt\\Git_ArmaForces_MAI\\output" } } } } } }, VfsPath { path: "", fs: VFS { fs: AltrootFS { root: VfsPath { path: "", fs: VFS { fs: PhysicalFS { root: "D:\\Git\\ArmaForces\\MAI" } } } } } }] } } }
2024-05-14T09:10:48.376492Z TRACE ThreadId(02) Located with parent: vfs /addons/main/functions/script_component.hpp
2024-05-14T09:10:48.376526Z TRACE ThreadId(08) Located with parent: vfs /addons/main/functions/script_component.hpp
2024-05-14T09:10:48.376602Z TRACE ThreadId(11) Located with parent: vfs /addons/main/functions/script_component.hpp
2024-05-14T09:10:48.376608Z TRACE ThreadId(03) Located with parent: vfs /addons/main/functions/script_component.hpp
2024-05-14T09:10:48.376641Z TRACE ThreadId(04) Located with prefix pointer: VfsPath { path: "/addons/main/script_component.hpp", fs: VFS { fs: OverlayFS { layers: [VfsPath { path: "", fs: VFS { fs: In Memory File System } }, VfsPath { path: "", fs: VFS { fs: AltrootFS { root: VfsPath { path: "", fs: VFS { fs: PhysicalFS { root: "D:\\Git\\ArmaForces\\MAI\\include" } } } } } }, VfsPath { path: "", fs: VFS { fs: AltrootFS { root: VfsPath { path: "", fs: VFS { fs: PhysicalFS { root: "C:\\Users\\Mydlo\\AppData\\Local\\Temp\\hemtt\\Git_ArmaForces_MAI\\output" } } } } } }, VfsPath { path: "", fs: VFS { fs: AltrootFS { root: VfsPath { path: "", fs: VFS { fs: PhysicalFS { root: "D:\\Git\\ArmaForces\\MAI" } } } } } }] } } }
2024-05-14T09:10:48.376656Z TRACE ThreadId(05) Located with prefix pointer: VfsPath { path: "/addons/main/script_mod.hpp", fs: VFS { fs: OverlayFS { layers: [VfsPath { path: "", fs: VFS { fs: In Memory File System } }, VfsPath { path: "", fs: VFS { fs: AltrootFS { root: VfsPath { path: "", fs: VFS { fs: PhysicalFS { root: "D:\\Git\\ArmaForces\\MAI\\include" } } } } } }, VfsPath { path: "", fs: VFS { fs: AltrootFS { root: VfsPath { path: "", fs: VFS { fs: PhysicalFS { root: "C:\\Users\\Mydlo\\AppData\\Local\\Temp\\hemtt\\Git_ArmaForces_MAI\\output" } } } } } }, VfsPath { path: "", fs: VFS { fs: AltrootFS { root: VfsPath { path: "", fs: VFS { fs: PhysicalFS { root: "D:\\Git\\ArmaForces\\MAI" } } } } } }] } } }
2024-05-14T09:10:48.376724Z TRACE ThreadId(07) Located with prefix pointer: VfsPath { path: "/addons/main/script_component.hpp", fs: VFS { fs: OverlayFS { layers: [VfsPath { path: "", fs: VFS { fs: In Memory File System } }, VfsPath { path: "", fs: VFS { fs: AltrootFS { root: VfsPath { path: "", fs: VFS { fs: PhysicalFS { root: "D:\\Git\\ArmaForces\\MAI\\include" } } } } } }, VfsPath { path: "", fs: VFS { fs: AltrootFS { root: VfsPath { path: "", fs: VFS { fs: PhysicalFS { root: "C:\\Users\\Mydlo\\AppData\\Local\\Temp\\hemtt\\Git_ArmaForces_MAI\\output" } } } } } }, VfsPath { path: "", fs: VFS { fs: AltrootFS { root: VfsPath { path: "", fs: VFS { fs: PhysicalFS { root: "D:\\Git\\ArmaForces\\MAI" } } } } } }] } } }
2024-05-14T09:10:48.376786Z TRACE ThreadId(12) Located with prefix pointer: VfsPath { path: "/addons/main/script_component.hpp", fs: VFS { fs: OverlayFS { layers: [VfsPath { path: "", fs: VFS { fs: In Memory File System } }, VfsPath { path: "", fs: VFS { fs: AltrootFS { root: VfsPath { path: "", fs: VFS { fs: PhysicalFS { root: "D:\\Git\\ArmaForces\\MAI\\include" } } } } } }, VfsPath { path: "", fs: VFS { fs: AltrootFS { root: VfsPath { path: "", fs: VFS { fs: PhysicalFS { root: "C:\\Users\\Mydlo\\AppData\\Local\\Temp\\hemtt\\Git_ArmaForces_MAI\\output" } } } } } }, VfsPath { path: "", fs: VFS { fs: AltrootFS { root: VfsPath { path: "", fs: VFS { fs: PhysicalFS { root: "D:\\Git\\ArmaForces\\MAI" } } } } } }] } } }
2024-05-14T09:10:48.376804Z TRACE ThreadId(06) Located with prefix pointer: VfsPath { path: "/addons/main/script_component.hpp", fs: VFS { fs: OverlayFS { layers: [VfsPath { path: "", fs: VFS { fs: In Memory File System } }, VfsPath { path: "", fs: VFS { fs: AltrootFS { root: VfsPath { path: "", fs: VFS { fs: PhysicalFS { root: "D:\\Git\\ArmaForces\\MAI\\include" } } } } } }, VfsPath { path: "", fs: VFS { fs: AltrootFS { root: VfsPath { path: "", fs: VFS { fs: PhysicalFS { root: "C:\\Users\\Mydlo\\AppData\\Local\\Temp\\hemtt\\Git_ArmaForces_MAI\\output" } } } } } }, VfsPath { path: "", fs: VFS { fs: AltrootFS { root: VfsPath { path: "", fs: VFS { fs: PhysicalFS { root: "D:\\Git\\ArmaForces\\MAI" } } } } } }] } } }
2024-05-14T09:10:48.377048Z TRACE ThreadId(05) Located with parent: vfs /addons/main/script_version.hpp
2024-05-14T09:10:48.377116Z TRACE ThreadId(08) Located with prefix pointer: VfsPath { path: "/addons/main/script_component.hpp", fs: VFS { fs: OverlayFS { layers: [VfsPath { path: "", fs: VFS { fs: In Memory File System } }, VfsPath { path: "", fs: VFS { fs: AltrootFS { root: VfsPath { path: "", fs: VFS { fs: PhysicalFS { root: "D:\\Git\\ArmaForces\\MAI\\include" } } } } } }, VfsPath { path: "", fs: VFS { fs: AltrootFS { root: VfsPath { path: "", fs: VFS { fs: PhysicalFS { root: "C:\\Users\\Mydlo\\AppData\\Local\\Temp\\hemtt\\Git_ArmaForces_MAI\\output" } } } } } }, VfsPath { path: "", fs: VFS { fs: AltrootFS { root: VfsPath { path: "", fs: VFS { fs: PhysicalFS { root: "D:\\Git\\ArmaForces\\MAI" } } } } } }] } } }
2024-05-14T09:10:48.377164Z TRACE ThreadId(11) Located with prefix pointer: VfsPath { path: "/addons/main/script_component.hpp", fs: VFS { fs: OverlayFS { layers: [VfsPath { path: "", fs: VFS { fs: In Memory File System } }, VfsPath { path: "", fs: VFS { fs: AltrootFS { root: VfsPath { path: "", fs: VFS { fs: PhysicalFS { root: "D:\\Git\\ArmaForces\\MAI\\include" } } } } } }, VfsPath { path: "", fs: VFS { fs: AltrootFS { root: VfsPath { path: "", fs: VFS { fs: PhysicalFS { root: "C:\\Users\\Mydlo\\AppData\\Local\\Temp\\hemtt\\Git_ArmaForces_MAI\\output" } } } } } }, VfsPath { path: "", fs: VFS { fs: AltrootFS { root: VfsPath { path: "", fs: VFS { fs: PhysicalFS { root: "D:\\Git\\ArmaForces\\MAI" } } } } } }] } } }
2024-05-14T09:10:48.377228Z TRACE ThreadId(04) Located with prefix pointer: VfsPath { path: "/addons/main/script_mod.hpp", fs: VFS { fs: OverlayFS { layers: [VfsPath { path: "", fs: VFS { fs: In Memory File System } }, VfsPath { path: "", fs: VFS { fs: AltrootFS { root: VfsPath { path: "", fs: VFS { fs: PhysicalFS { root: "D:\\Git\\ArmaForces\\MAI\\include" } } } } } }, VfsPath { path: "", fs: VFS { fs: AltrootFS { root: VfsPath { path: "", fs: VFS { fs: PhysicalFS { root: "C:\\Users\\Mydlo\\AppData\\Local\\Temp\\hemtt\\Git_ArmaForces_MAI\\output" } } } } } }, VfsPath { path: "", fs: VFS { fs: AltrootFS { root: VfsPath { path: "", fs: VFS { fs: PhysicalFS { root: "D:\\Git\\ArmaForces\\MAI" } } } } } }] } } }
2024-05-14T09:10:48.377227Z TRACE ThreadId(02) Located with prefix pointer: VfsPath { path: "/addons/main/script_component.hpp", fs: VFS { fs: OverlayFS { layers: [VfsPath { path: "", fs: VFS { fs: In Memory File System } }, VfsPath { path: "", fs: VFS { fs: AltrootFS { root: VfsPath { path: "", fs: VFS { fs: PhysicalFS { root: "D:\\Git\\ArmaForces\\MAI\\include" } } } } } }, VfsPath { path: "", fs: VFS { fs: AltrootFS { root: VfsPath { path: "", fs: VFS { fs: PhysicalFS { root: "C:\\Users\\Mydlo\\AppData\\Local\\Temp\\hemtt\\Git_ArmaForces_MAI\\output" } } } } } }, VfsPath { path: "", fs: VFS { fs: AltrootFS { root: VfsPath { path: "", fs: VFS { fs: PhysicalFS { root: "D:\\Git\\ArmaForces\\MAI" } } } } } }] } } }
2024-05-14T09:10:48.377245Z TRACE ThreadId(03) Located with prefix pointer: VfsPath { path: "/addons/main/script_component.hpp", fs: VFS { fs: OverlayFS { layers: [VfsPath { path: "", fs: VFS { fs: In Memory File System } }, VfsPath { path: "", fs: VFS { fs: AltrootFS { root: VfsPath { path: "", fs: VFS { fs: PhysicalFS { root: "D:\\Git\\ArmaForces\\MAI\\include" } } } } } }, VfsPath { path: "", fs: VFS { fs: AltrootFS { root: VfsPath { path: "", fs: VFS { fs: PhysicalFS { root: "C:\\Users\\Mydlo\\AppData\\Local\\Temp\\hemtt\\Git_ArmaForces_MAI\\output" } } } } } }, VfsPath { path: "", fs: VFS { fs: AltrootFS { root: VfsPath { path: "", fs: VFS { fs: PhysicalFS { root: "D:\\Git\\ArmaForces\\MAI" } } } } } }] } } }
2024-05-14T09:10:48.377300Z TRACE ThreadId(07) Located with prefix pointer: VfsPath { path: "/addons/main/script_mod.hpp", fs: VFS { fs: OverlayFS { layers: [VfsPath { path: "", fs: VFS { fs: In Memory File System } }, VfsPath { path: "", fs: VFS { fs: AltrootFS { root: VfsPath { path: "", fs: VFS { fs: PhysicalFS { root: "D:\\Git\\ArmaForces\\MAI\\include" } } } } } }, VfsPath { path: "", fs: VFS { fs: AltrootFS { root: VfsPath { path: "", fs: VFS { fs: PhysicalFS { root: "C:\\Users\\Mydlo\\AppData\\Local\\Temp\\hemtt\\Git_ArmaForces_MAI\\output" } } } } } }, VfsPath { path: "", fs: VFS { fs: AltrootFS { root: VfsPath { path: "", fs: VFS { fs: PhysicalFS { root: "D:\\Git\\ArmaForces\\MAI" } } } } } }] } } }
2024-05-14T09:10:48.377339Z TRACE ThreadId(12) Located with prefix pointer: VfsPath { path: "/addons/main/script_mod.hpp", fs: VFS { fs: OverlayFS { layers: [VfsPath { path: "", fs: VFS { fs: In Memory File System } }, VfsPath { path: "", fs: VFS { fs: AltrootFS { root: VfsPath { path: "", fs: VFS { fs: PhysicalFS { root: "D:\\Git\\ArmaForces\\MAI\\include" } } } } } }, VfsPath { path: "", fs: VFS { fs: AltrootFS { root: VfsPath { path: "", fs: VFS { fs: PhysicalFS { root: "C:\\Users\\Mydlo\\AppData\\Local\\Temp\\hemtt\\Git_ArmaForces_MAI\\output" } } } } } }, VfsPath { path: "", fs: VFS { fs: AltrootFS { root: VfsPath { path: "", fs: VFS { fs: PhysicalFS { root: "D:\\Git\\ArmaForces\\MAI" } } } } } }] } } }
2024-05-14T09:10:48.377368Z TRACE ThreadId(06) Located with prefix pointer: VfsPath { path: "/addons/main/script_mod.hpp", fs: VFS { fs: OverlayFS { layers: [VfsPath { path: "", fs: VFS { fs: In Memory File System } }, VfsPath { path: "", fs: VFS { fs: AltrootFS { root: VfsPath { path: "", fs: VFS { fs: PhysicalFS { root: "D:\\Git\\ArmaForces\\MAI\\include" } } } } } }, VfsPath { path: "", fs: VFS { fs: AltrootFS { root: VfsPath { path: "", fs: VFS { fs: PhysicalFS { root: "C:\\Users\\Mydlo\\AppData\\Local\\Temp\\hemtt\\Git_ArmaForces_MAI\\output" } } } } } }, VfsPath { path: "", fs: VFS { fs: AltrootFS { root: VfsPath { path: "", fs: VFS { fs: PhysicalFS { root: "D:\\Git\\ArmaForces\\MAI" } } } } } }] } } }
2024-05-14T09:10:48.377418Z TRACE ThreadId(05) Located with prefix pointer: VfsPath { path: "/addons/main/script_macros.hpp", fs: VFS { fs: OverlayFS { layers: [VfsPath { path: "", fs: VFS { fs: In Memory File System } }, VfsPath { path: "", fs: VFS { fs: AltrootFS { root: VfsPath { path: "", fs: VFS { fs: PhysicalFS { root: "D:\\Git\\ArmaForces\\MAI\\include" } } } } } }, VfsPath { path: "", fs: VFS { fs: AltrootFS { root: VfsPath { path: "", fs: VFS { fs: PhysicalFS { root: "C:\\Users\\Mydlo\\AppData\\Local\\Temp\\hemtt\\Git_ArmaForces_MAI\\output" } } } } } }, VfsPath { path: "", fs: VFS { fs: AltrootFS { root: VfsPath { path: "", fs: VFS { fs: PhysicalFS { root: "D:\\Git\\ArmaForces\\MAI" } } } } } }] } } }
2024-05-14T09:10:48.377567Z TRACE ThreadId(04) Located with parent: vfs /addons/main/script_version.hpp
2024-05-14T09:10:48.377648Z TRACE ThreadId(07) Located with parent: vfs /addons/main/script_version.hpp
2024-05-14T09:10:48.377692Z TRACE ThreadId(11) Located with prefix pointer: VfsPath { path: "/addons/main/script_mod.hpp", fs: VFS { fs: OverlayFS { layers: [VfsPath { path: "", fs: VFS { fs: In Memory File System } }, VfsPath { path: "", fs: VFS { fs: AltrootFS { root: VfsPath { path: "", fs: VFS { fs: PhysicalFS { root: "D:\\Git\\ArmaForces\\MAI\\include" } } } } } }, VfsPath { path: "", fs: VFS { fs: AltrootFS { root: VfsPath { path: "", fs: VFS { fs: PhysicalFS { root: "C:\\Users\\Mydlo\\AppData\\Local\\Temp\\hemtt\\Git_ArmaForces_MAI\\output" } } } } } }, VfsPath { path: "", fs: VFS { fs: AltrootFS { root: VfsPath { path: "", fs: VFS { fs: PhysicalFS { root: "D:\\Git\\ArmaForces\\MAI" } } } } } }] } } }
2024-05-14T09:10:48.377697Z TRACE ThreadId(08) Located with prefix pointer: VfsPath { path: "/addons/main/script_mod.hpp", fs: VFS { fs: OverlayFS { layers: [VfsPath { path: "", fs: VFS { fs: In Memory File System } }, VfsPath { path: "", fs: VFS { fs: AltrootFS { root: VfsPath { path: "", fs: VFS { fs: PhysicalFS { root: "D:\\Git\\ArmaForces\\MAI\\include" } } } } } }, VfsPath { path: "", fs: VFS { fs: AltrootFS { root: VfsPath { path: "", fs: VFS { fs: PhysicalFS { root: "C:\\Users\\Mydlo\\AppData\\Local\\Temp\\hemtt\\Git_ArmaForces_MAI\\output" } } } } } }, VfsPath { path: "", fs: VFS { fs: AltrootFS { root: VfsPath { path: "", fs: VFS { fs: PhysicalFS { root: "D:\\Git\\ArmaForces\\MAI" } } } } } }] } } }
2024-05-14T09:10:48.377760Z TRACE ThreadId(06) Located with parent: vfs /addons/main/script_version.hpp
2024-05-14T09:10:48.377768Z TRACE ThreadId(05) Located with absolute path: "/x/cba/addons/main/script_macros_common.hpp"
2024-05-14T09:10:48.377807Z TRACE ThreadId(12) Located with parent: vfs /addons/main/script_version.hpp
2024-05-14T09:10:48.377887Z TRACE ThreadId(03) Located with prefix pointer: VfsPath { path: "/addons/main/script_mod.hpp", fs: VFS { fs: OverlayFS { layers: [VfsPath { path: "", fs: VFS { fs: In Memory File System } }, VfsPath { path: "", fs: VFS { fs: AltrootFS { root: VfsPath { path: "", fs: VFS { fs: PhysicalFS { root: "D:\\Git\\ArmaForces\\MAI\\include" } } } } } }, VfsPath { path: "", fs: VFS { fs: AltrootFS { root: VfsPath { path: "", fs: VFS { fs: PhysicalFS { root: "C:\\Users\\Mydlo\\AppData\\Local\\Temp\\hemtt\\Git_ArmaForces_MAI\\output" } } } } } }, VfsPath { path: "", fs: VFS { fs: AltrootFS { root: VfsPath { path: "", fs: VFS { fs: PhysicalFS { root: "D:\\Git\\ArmaForces\\MAI" } } } } } }] } } }
2024-05-14T09:10:48.377890Z TRACE ThreadId(02) Located with prefix pointer: VfsPath { path: "/addons/main/script_mod.hpp", fs: VFS { fs: OverlayFS { layers: [VfsPath { path: "", fs: VFS { fs: In Memory File System } }, VfsPath { path: "", fs: VFS { fs: AltrootFS { root: VfsPath { path: "", fs: VFS { fs: PhysicalFS { root: "D:\\Git\\ArmaForces\\MAI\\include" } } } } } }, VfsPath { path: "", fs: VFS { fs: AltrootFS { root: VfsPath { path: "", fs: VFS { fs: PhysicalFS { root: "C:\\Users\\Mydlo\\AppData\\Local\\Temp\\hemtt\\Git_ArmaForces_MAI\\output" } } } } } }, VfsPath { path: "", fs: VFS { fs: AltrootFS { root: VfsPath { path: "", fs: VFS { fs: PhysicalFS { root: "D:\\Git\\ArmaForces\\MAI" } } } } } }] } } }
2024-05-14T09:10:48.377936Z TRACE ThreadId(04) Located with prefix pointer: VfsPath { path: "/addons/main/script_macros.hpp", fs: VFS { fs: OverlayFS { layers: [VfsPath { path: "", fs: VFS { fs: In Memory File System } }, VfsPath { path: "", fs: VFS { fs: AltrootFS { root: VfsPath { path: "", fs: VFS { fs: PhysicalFS { root: "D:\\Git\\ArmaForces\\MAI\\include" } } } } } }, VfsPath { path: "", fs: VFS { fs: AltrootFS { root: VfsPath { path: "", fs: VFS { fs: PhysicalFS { root: "C:\\Users\\Mydlo\\AppData\\Local\\Temp\\hemtt\\Git_ArmaForces_MAI\\output" } } } } } }, VfsPath { path: "", fs: VFS { fs: AltrootFS { root: VfsPath { path: "", fs: VFS { fs: PhysicalFS { root: "D:\\Git\\ArmaForces\\MAI" } } } } } }] } } }
2024-05-14T09:10:48.378055Z TRACE ThreadId(11) Located with parent: vfs /addons/main/script_version.hpp
2024-05-14T09:10:48.378067Z TRACE ThreadId(07) Located with prefix pointer: VfsPath { path: "/addons/main/script_macros.hpp", fs: VFS { fs: OverlayFS { layers: [VfsPath { path: "", fs: VFS { fs: In Memory File System } }, VfsPath { path: "", fs: VFS { fs: AltrootFS { root: VfsPath { path: "", fs: VFS { fs: PhysicalFS { root: "D:\\Git\\ArmaForces\\MAI\\include" } } } } } }, VfsPath { path: "", fs: VFS { fs: AltrootFS { root: VfsPath { path: "", fs: VFS { fs: PhysicalFS { root: "C:\\Users\\Mydlo\\AppData\\Local\\Temp\\hemtt\\Git_ArmaForces_MAI\\output" } } } } } }, VfsPath { path: "", fs: VFS { fs: AltrootFS { root: VfsPath { path: "", fs: VFS { fs: PhysicalFS { root: "D:\\Git\\ArmaForces\\MAI" } } } } } }] } } }
2024-05-14T09:10:48.378212Z TRACE ThreadId(03) Located with parent: vfs /addons/main/script_version.hpp
2024-05-14T09:10:48.378273Z TRACE ThreadId(12) Located with prefix pointer: VfsPath { path: "/addons/main/script_macros.hpp", fs: VFS { fs: OverlayFS { layers: [VfsPath { path: "", fs: VFS { fs: In Memory File System } }, VfsPath { path: "", fs: VFS { fs: AltrootFS { root: VfsPath { path: "", fs: VFS { fs: PhysicalFS { root: "D:\\Git\\ArmaForces\\MAI\\include" } } } } } }, VfsPath { path: "", fs: VFS { fs: AltrootFS { root: VfsPath { path: "", fs: VFS { fs: PhysicalFS { root: "C:\\Users\\Mydlo\\AppData\\Local\\Temp\\hemtt\\Git_ArmaForces_MAI\\output" } } } } } }, VfsPath { path: "", fs: VFS { fs: AltrootFS { root: VfsPath { path: "", fs: VFS { fs: PhysicalFS { root: "D:\\Git\\ArmaForces\\MAI" } } } } } }] } } }
2024-05-14T09:10:48.378282Z TRACE ThreadId(06) Located with prefix pointer: VfsPath { path: "/addons/main/script_macros.hpp", fs: VFS { fs: OverlayFS { layers: [VfsPath { path: "", fs: VFS { fs: In Memory File System } }, VfsPath { path: "", fs: VFS { fs: AltrootFS { root: VfsPath { path: "", fs: VFS { fs: PhysicalFS { root: "D:\\Git\\ArmaForces\\MAI\\include" } } } } } }, VfsPath { path: "", fs: VFS { fs: AltrootFS { root: VfsPath { path: "", fs: VFS { fs: PhysicalFS { root: "C:\\Users\\Mydlo\\AppData\\Local\\Temp\\hemtt\\Git_ArmaForces_MAI\\output" } } } } } }, VfsPath { path: "", fs: VFS { fs: AltrootFS { root: VfsPath { path: "", fs: VFS { fs: PhysicalFS { root: "D:\\Git\\ArmaForces\\MAI" } } } } } }] } } }
2024-05-14T09:10:48.378314Z TRACE ThreadId(02) Located with parent: vfs /addons/main/script_version.hpp
2024-05-14T09:10:48.378336Z TRACE ThreadId(08) Located with parent: vfs /addons/main/script_version.hpp
2024-05-14T09:10:48.378394Z TRACE ThreadId(11) Located with prefix pointer: VfsPath { path: "/addons/main/script_macros.hpp", fs: VFS { fs: OverlayFS { layers: [VfsPath { path: "", fs: VFS { fs: In Memory File System } }, VfsPath { path: "", fs: VFS { fs: AltrootFS { root: VfsPath { path: "", fs: VFS { fs: PhysicalFS { root: "D:\\Git\\ArmaForces\\MAI\\include" } } } } } }, VfsPath { path: "", fs: VFS { fs: AltrootFS { root: VfsPath { path: "", fs: VFS { fs: PhysicalFS { root: "C:\\Users\\Mydlo\\AppData\\Local\\Temp\\hemtt\\Git_ArmaForces_MAI\\output" } } } } } }, VfsPath { path: "", fs: VFS { fs: AltrootFS { root: VfsPath { path: "", fs: VFS { fs: PhysicalFS { root: "D:\\Git\\ArmaForces\\MAI" } } } } } }] } } }
2024-05-14T09:10:48.378503Z TRACE ThreadId(04) Located with absolute path: "/x/cba/addons/main/script_macros_common.hpp"
2024-05-14T09:10:48.378590Z TRACE ThreadId(07) Located with absolute path: "/x/cba/addons/main/script_macros_common.hpp"
2024-05-14T09:10:48.378603Z TRACE ThreadId(06) Located with absolute path: "/x/cba/addons/main/script_macros_common.hpp"
2024-05-14T09:10:48.378656Z TRACE ThreadId(03) Located with prefix pointer: VfsPath { path: "/addons/main/script_macros.hpp", fs: VFS { fs: OverlayFS { layers: [VfsPath { path: "", fs: VFS { fs: In Memory File System } }, VfsPath { path: "", fs: VFS { fs: AltrootFS { root: VfsPath { path: "", fs: VFS { fs: PhysicalFS { root: "D:\\Git\\ArmaForces\\MAI\\include" } } } } } }, VfsPath { path: "", fs: VFS { fs: AltrootFS { root: VfsPath { path: "", fs: VFS { fs: PhysicalFS { root: "C:\\Users\\Mydlo\\AppData\\Local\\Temp\\hemtt\\Git_ArmaForces_MAI\\output" } } } } } }, VfsPath { path: "", fs: VFS { fs: AltrootFS { root: VfsPath { path: "", fs: VFS { fs: PhysicalFS { root: "D:\\Git\\ArmaForces\\MAI" } } } } } }] } } }
2024-05-14T09:10:48.378774Z TRACE ThreadId(08) Located with prefix pointer: VfsPath { path: "/addons/main/script_macros.hpp", fs: VFS { fs: OverlayFS { layers: [VfsPath { path: "", fs: VFS { fs: In Memory File System } }, VfsPath { path: "", fs: VFS { fs: AltrootFS { root: VfsPath { path: "", fs: VFS { fs: PhysicalFS { root: "D:\\Git\\ArmaForces\\MAI\\include" } } } } } }, VfsPath { path: "", fs: VFS { fs: AltrootFS { root: VfsPath { path: "", fs: VFS { fs: PhysicalFS { root: "C:\\Users\\Mydlo\\AppData\\Local\\Temp\\hemtt\\Git_ArmaForces_MAI\\output" } } } } } }, VfsPath { path: "", fs: VFS { fs: AltrootFS { root: VfsPath { path: "", fs: VFS { fs: PhysicalFS { root: "D:\\Git\\ArmaForces\\MAI" } } } } } }] } } }
2024-05-14T09:10:48.378789Z TRACE ThreadId(11) Located with absolute path: "/x/cba/addons/main/script_macros_common.hpp"
2024-05-14T09:10:48.378867Z TRACE ThreadId(12) Located with absolute path: "/x/cba/addons/main/script_macros_common.hpp"
2024-05-14T09:10:48.378878Z TRACE ThreadId(02) Located with prefix pointer: VfsPath { path: "/addons/main/script_macros.hpp", fs: VFS { fs: OverlayFS { layers: [VfsPath { path: "", fs: VFS { fs: In Memory File System } }, VfsPath { path: "", fs: VFS { fs: AltrootFS { root: VfsPath { path: "", fs: VFS { fs: PhysicalFS { root: "D:\\Git\\ArmaForces\\MAI\\include" } } } } } }, VfsPath { path: "", fs: VFS { fs: AltrootFS { root: VfsPath { path: "", fs: VFS { fs: PhysicalFS { root: "C:\\Users\\Mydlo\\AppData\\Local\\Temp\\hemtt\\Git_ArmaForces_MAI\\output" } } } } } }, VfsPath { path: "", fs: VFS { fs: AltrootFS { root: VfsPath { path: "", fs: VFS { fs: PhysicalFS { root: "D:\\Git\\ArmaForces\\MAI" } } } } } }] } } }
2024-05-14T09:10:48.379244Z TRACE ThreadId(03) Located with absolute path: "/x/cba/addons/main/script_macros_common.hpp"
2024-05-14T09:10:48.379309Z TRACE ThreadId(08) Located with absolute path: "/x/cba/addons/main/script_macros_common.hpp"
2024-05-14T09:10:48.379359Z TRACE ThreadId(02) Located with absolute path: "/x/cba/addons/main/script_macros_common.hpp"
2024-05-14T09:10:48.387425Z TRACE ThreadId(05) Located with prefix pointer: VfsPath { path: "/addons/main/script_debug.hpp", fs: VFS { fs: OverlayFS { layers: [VfsPath { path: "", fs: VFS { fs: In Memory File System } }, VfsPath { path: "", fs: VFS { fs: AltrootFS { root: VfsPath { path: "", fs: VFS { fs: PhysicalFS { root: "D:\\Git\\ArmaForces\\MAI\\include" } } } } } }, VfsPath { path: "", fs: VFS { fs: AltrootFS { root: VfsPath { path: "", fs: VFS { fs: PhysicalFS { root: "C:\\Users\\Mydlo\\AppData\\Local\\Temp\\hemtt\\Git_ArmaForces_MAI\\output" } } } } } }, VfsPath { path: "", fs: VFS { fs: AltrootFS { root: VfsPath { path: "", fs: VFS { fs: PhysicalFS { root: "D:\\Git\\ArmaForces\\MAI" } } } } } }] } } }
2024-05-14T09:10:48.388223Z TRACE ThreadId(11) Located with prefix pointer: VfsPath { path: "/addons/main/script_debug.hpp", fs: VFS { fs: OverlayFS { layers: [VfsPath { path: "", fs: VFS { fs: In Memory File System } }, VfsPath { path: "", fs: VFS { fs: AltrootFS { root: VfsPath { path: "", fs: VFS { fs: PhysicalFS { root: "D:\\Git\\ArmaForces\\MAI\\include" } } } } } }, VfsPath { path: "", fs: VFS { fs: AltrootFS { root: VfsPath { path: "", fs: VFS { fs: PhysicalFS { root: "C:\\Users\\Mydlo\\AppData\\Local\\Temp\\hemtt\\Git_ArmaForces_MAI\\output" } } } } } }, VfsPath { path: "", fs: VFS { fs: AltrootFS { root: VfsPath { path: "", fs: VFS { fs: PhysicalFS { root: "D:\\Git\\ArmaForces\\MAI" } } } } } }] } } }
2024-05-14T09:10:48.388597Z TRACE ThreadId(04) Located with prefix pointer: VfsPath { path: "/addons/main/script_debug.hpp", fs: VFS { fs: OverlayFS { layers: [VfsPath { path: "", fs: VFS { fs: In Memory File System } }, VfsPath { path: "", fs: VFS { fs: AltrootFS { root: VfsPath { path: "", fs: VFS { fs: PhysicalFS { root: "D:\\Git\\ArmaForces\\MAI\\include" } } } } } }, VfsPath { path: "", fs: VFS { fs: AltrootFS { root: VfsPath { path: "", fs: VFS { fs: PhysicalFS { root: "C:\\Users\\Mydlo\\AppData\\Local\\Temp\\hemtt\\Git_ArmaForces_MAI\\output" } } } } } }, VfsPath { path: "", fs: VFS { fs: AltrootFS { root: VfsPath { path: "", fs: VFS { fs: PhysicalFS { root: "D:\\Git\\ArmaForces\\MAI" } } } } } }] } } }
2024-05-14T09:10:48.389321Z TRACE ThreadId(07) Located with prefix pointer: VfsPath { path: "/addons/main/script_debug.hpp", fs: VFS { fs: OverlayFS { layers: [VfsPath { path: "", fs: VFS { fs: In Memory File System } }, VfsPath { path: "", fs: VFS { fs: AltrootFS { root: VfsPath { path: "", fs: VFS { fs: PhysicalFS { root: "D:\\Git\\ArmaForces\\MAI\\include" } } } } } }, VfsPath { path: "", fs: VFS { fs: AltrootFS { root: VfsPath { path: "", fs: VFS { fs: PhysicalFS { root: "C:\\Users\\Mydlo\\AppData\\Local\\Temp\\hemtt\\Git_ArmaForces_MAI\\output" } } } } } }, VfsPath { path: "", fs: VFS { fs: AltrootFS { root: VfsPath { path: "", fs: VFS { fs: PhysicalFS { root: "D:\\Git\\ArmaForces\\MAI" } } } } } }] } } }
2024-05-14T09:10:48.389352Z TRACE ThreadId(02) Located with prefix pointer: VfsPath { path: "/addons/main/script_debug.hpp", fs: VFS { fs: OverlayFS { layers: [VfsPath { path: "", fs: VFS { fs: In Memory File System } }, VfsPath { path: "", fs: VFS { fs: AltrootFS { root: VfsPath { path: "", fs: VFS { fs: PhysicalFS { root: "D:\\Git\\ArmaForces\\MAI\\include" } } } } } }, VfsPath { path: "", fs: VFS { fs: AltrootFS { root: VfsPath { path: "", fs: VFS { fs: PhysicalFS { root: "C:\\Users\\Mydlo\\AppData\\Local\\Temp\\hemtt\\Git_ArmaForces_MAI\\output" } } } } } }, VfsPath { path: "", fs: VFS { fs: AltrootFS { root: VfsPath { path: "", fs: VFS { fs: PhysicalFS { root: "D:\\Git\\ArmaForces\\MAI" } } } } } }] } } }
2024-05-14T09:10:48.390060Z TRACE ThreadId(06) Located with prefix pointer: VfsPath { path: "/addons/main/script_debug.hpp", fs: VFS { fs: OverlayFS { layers: [VfsPath { path: "", fs: VFS { fs: In Memory File System } }, VfsPath { path: "", fs: VFS { fs: AltrootFS { root: VfsPath { path: "", fs: VFS { fs: PhysicalFS { root: "D:\\Git\\ArmaForces\\MAI\\include" } } } } } }, VfsPath { path: "", fs: VFS { fs: AltrootFS { root: VfsPath { path: "", fs: VFS { fs: PhysicalFS { root: "C:\\Users\\Mydlo\\AppData\\Local\\Temp\\hemtt\\Git_ArmaForces_MAI\\output" } } } } } }, VfsPath { path: "", fs: VFS { fs: AltrootFS { root: VfsPath { path: "", fs: VFS { fs: PhysicalFS { root: "D:\\Git\\ArmaForces\\MAI" } } } } } }] } } }
2024-05-14T09:10:48.390080Z TRACE ThreadId(08) Located with prefix pointer: VfsPath { path: "/addons/main/script_debug.hpp", fs: VFS { fs: OverlayFS { layers: [VfsPath { path: "", fs: VFS { fs: In Memory File System } }, VfsPath { path: "", fs: VFS { fs: AltrootFS { root: VfsPath { path: "", fs: VFS { fs: PhysicalFS { root: "D:\\Git\\ArmaForces\\MAI\\include" } } } } } }, VfsPath { path: "", fs: VFS { fs: AltrootFS { root: VfsPath { path: "", fs: VFS { fs: PhysicalFS { root: "C:\\Users\\Mydlo\\AppData\\Local\\Temp\\hemtt\\Git_ArmaForces_MAI\\output" } } } } } }, VfsPath { path: "", fs: VFS { fs: AltrootFS { root: VfsPath { path: "", fs: VFS { fs: PhysicalFS { root: "D:\\Git\\ArmaForces\\MAI" } } } } } }] } } }
2024-05-14T09:10:48.390190Z TRACE ThreadId(12) Located with prefix pointer: VfsPath { path: "/addons/main/script_debug.hpp", fs: VFS { fs: OverlayFS { layers: [VfsPath { path: "", fs: VFS { fs: In Memory File System } }, VfsPath { path: "", fs: VFS { fs: AltrootFS { root: VfsPath { path: "", fs: VFS { fs: PhysicalFS { root: "D:\\Git\\ArmaForces\\MAI\\include" } } } } } }, VfsPath { path: "", fs: VFS { fs: AltrootFS { root: VfsPath { path: "", fs: VFS { fs: PhysicalFS { root: "C:\\Users\\Mydlo\\AppData\\Local\\Temp\\hemtt\\Git_ArmaForces_MAI\\output" } } } } } }, VfsPath { path: "", fs: VFS { fs: AltrootFS { root: VfsPath { path: "", fs: VFS { fs: PhysicalFS { root: "D:\\Git\\ArmaForces\\MAI" } } } } } }] } } }
2024-05-14T09:10:48.390260Z TRACE ThreadId(03) Located with prefix pointer: VfsPath { path: "/addons/main/script_debug.hpp", fs: VFS { fs: OverlayFS { layers: [VfsPath { path: "", fs: VFS { fs: In Memory File System } }, VfsPath { path: "", fs: VFS { fs: AltrootFS { root: VfsPath { path: "", fs: VFS { fs: PhysicalFS { root: "D:\\Git\\ArmaForces\\MAI\\include" } } } } } }, VfsPath { path: "", fs: VFS { fs: AltrootFS { root: VfsPath { path: "", fs: VFS { fs: PhysicalFS { root: "C:\\Users\\Mydlo\\AppData\\Local\\Temp\\hemtt\\Git_ArmaForces_MAI\\output" } } } } } }, VfsPath { path: "", fs: VFS { fs: AltrootFS { root: VfsPath { path: "", fs: VFS { fs: PhysicalFS { root: "D:\\Git\\ArmaForces\\MAI" } } } } } }] } } }
2024-05-14T09:10:48.395660Z DEBUG ThreadId(01) ASC Preprocess took 25
2024-05-14T09:10:48.474196Z DEBUG ThreadId(01) ASC took 78
2024-05-14T09:10:48.500567Z  INFO ThreadId(01) Compiled 9 sqf files
2024-05-14T09:10:48.500689Z TRACE ThreadId(01) phase: pre_build (ArmaScriptCompiler) (done)
2024-05-14T09:10:48.500694Z TRACE ThreadId(01) phase: pre_build (Binarize) (start)
2024-05-14T09:10:48.504317Z  INFO ThreadId(01) Binarized 0 files
2024-05-14T09:10:48.504332Z TRACE ThreadId(01) phase: pre_build (Binarize) (done)
2024-05-14T09:10:48.504335Z TRACE ThreadId(01) phase: pre_build (Files) (start)
2024-05-14T09:10:48.504337Z TRACE ThreadId(01) phase: pre_build (Files) (done)
2024-05-14T09:10:48.504339Z TRACE ThreadId(01) phase: build (start)
2024-05-14T09:10:48.505273Z DEBUG ThreadId(01) creating "D:\\Git\\ArmaForces\\MAI\\.hemttout\\build\\addons"
2024-05-14T09:10:48.505359Z DEBUG ThreadId(01) building "addons/main" => "D:\\Git\\ArmaForces\\MAI\\.hemttout\\build\\addons\\afmai_main.pbo"
2024-05-14T09:10:48.506973Z TRACE ThreadId(01) adding file "script_component.hpp"
2024-05-14T09:10:48.507093Z TRACE ThreadId(01) adding file "XEH_PREP.hpp"
2024-05-14T09:10:48.507189Z TRACE ThreadId(01) adding file "stringtable.xml"
2024-05-14T09:10:48.507284Z TRACE ThreadId(01) adding file "CfgModuleCategories.hpp"
2024-05-14T09:10:48.507335Z TRACE ThreadId(01) adding file "config.bin"
2024-05-14T09:10:48.507388Z TRACE ThreadId(01) adding file "script_debug.hpp"
2024-05-14T09:10:48.507687Z TRACE ThreadId(01) adding file "README.md"
2024-05-14T09:10:48.507781Z TRACE ThreadId(01) adding file "DisplayEden.hpp"
2024-05-14T09:10:48.507876Z TRACE ThreadId(01) adding file "CfgEden.hpp"
2024-05-14T09:10:48.508068Z TRACE ThreadId(01) adding file "script_version.hpp"
2024-05-14T09:10:48.508272Z TRACE ThreadId(01) adding file "script_macros.hpp"
2024-05-14T09:10:48.508417Z TRACE ThreadId(01) adding file "script_mod.hpp"
2024-05-14T09:10:48.508559Z TRACE ThreadId(01) adding file "ui\\logo_sm_ca.paa"
2024-05-14T09:10:48.508638Z TRACE ThreadId(01) adding file "functions\\fnc_getVehicleInfo.sqfc"
2024-05-14T09:10:48.508718Z TRACE ThreadId(01) adding file "functions\\fnc_HCfind.sqf"
2024-05-14T09:10:48.509018Z TRACE ThreadId(01) adding file "functions\\fnc_spawnAI.sqf"
2024-05-14T09:10:48.509134Z TRACE ThreadId(01) adding file "functions\\fnc_patrolRandomWaypoints.sqf"
2024-05-14T09:10:48.509186Z TRACE ThreadId(01) adding file "functions\\fnc_HCfind.sqfc"
2024-05-14T09:10:48.509240Z TRACE ThreadId(01) adding file "functions\\script_component.hpp"
2024-05-14T09:10:48.509291Z TRACE ThreadId(01) adding file "functions\\fnc_patrolRandomWaypoints.sqfc"
2024-05-14T09:10:48.509343Z TRACE ThreadId(01) adding file "functions\\fnc_getGroups.sqf"
2024-05-14T09:10:48.509392Z TRACE ThreadId(01) adding file "functions\\fnc_getGroups.sqfc"
2024-05-14T09:10:48.509399Z TRACE ThreadId(01) adding file "functions\\fnc_createVehicleFromInfo.sqfc"
2024-05-14T09:10:48.509455Z TRACE ThreadId(01) adding file "functions\\fnc_moveInVehicleRole.sqf"
2024-05-14T09:10:48.509551Z TRACE ThreadId(01) adding file "functions\\fnc_moveInVehicleRole.sqfc"
2024-05-14T09:10:48.509561Z TRACE ThreadId(01) adding file "functions\\fnc_expectedNewUnitsCountReturn.sqfc"
2024-05-14T09:10:48.509598Z TRACE ThreadId(01) adding file "functions\\fnc_checkActivateConditions.sqfc"
2024-05-14T09:10:48.509614Z TRACE ThreadId(01) adding file "functions\\fnc_spawnAI.sqfc"
2024-05-14T09:10:48.509678Z TRACE ThreadId(01) adding file "functions\\fnc_createVehicleFromInfo.sqf"
2024-05-14T09:10:48.509826Z TRACE ThreadId(01) adding file "functions\\fnc_expectedNewUnitsCountReturn.sqf"
2024-05-14T09:10:48.509973Z TRACE ThreadId(01) adding file "functions\\fnc_checkActivateConditions.sqf"
2024-05-14T09:10:48.510106Z TRACE ThreadId(01) adding file "functions\\fnc_getVehicleInfo.sqf"
2024-05-14T09:10:48.511124Z  INFO ThreadId(01) Built 1 PBOs
2024-05-14T09:10:48.511134Z TRACE ThreadId(01) phase: build (done)
2024-05-14T09:10:48.511137Z TRACE ThreadId(01) phase: post_build (Hooks) (start)
2024-05-14T09:10:48.511140Z TRACE ThreadId(01) phase: post_build (Hooks) (done)
2024-05-14T09:10:48.511141Z TRACE ThreadId(01) phase: post_build (Rapifier) (start)
2024-05-14T09:10:48.511143Z TRACE ThreadId(01) phase: post_build (Rapifier) (done)
2024-05-14T09:10:48.511144Z TRACE ThreadId(01) phase: post_build (SQF) (start)
2024-05-14T09:10:48.511146Z TRACE ThreadId(01) phase: post_build (SQF) (done)
2024-05-14T09:10:48.511147Z TRACE ThreadId(01) phase: post_build (ArmaScriptCompiler) (start)
2024-05-14T09:10:48.511149Z TRACE ThreadId(01) phase: post_build (ArmaScriptCompiler) (done)
2024-05-14T09:10:48.511150Z TRACE ThreadId(01) phase: post_build (Binarize) (start)
2024-05-14T09:10:48.511152Z TRACE ThreadId(01) phase: post_build (Binarize) (done)
2024-05-14T09:10:48.511153Z TRACE ThreadId(01) phase: post_build (Files) (start)
2024-05-14T09:10:48.527157Z DEBUG ThreadId(01) copying "/LICENSE" => "D:\\Git\\ArmaForces\\MAI\\.hemttout\\build\\LICENSE"
2024-05-14T09:10:48.527802Z DEBUG ThreadId(01) copying "/mod.cpp" => "D:\\Git\\ArmaForces\\MAI\\.hemttout\\build\\mod.cpp"
2024-05-14T09:10:48.528356Z DEBUG ThreadId(01) copying "/README.md" => "D:\\Git\\ArmaForces\\MAI\\.hemttout\\build\\README.md"
2024-05-14T09:10:48.545835Z  INFO ThreadId(01) Copied 3 files
2024-05-14T09:10:48.545853Z TRACE ThreadId(01) phase: post_build (Files) (done)
2024-05-14T09:10:48.545912Z TRACE ThreadId(01) writing ci annotations to .hemttout/ci_annotations.txt
2024-05-14T09:10:48.545952Z TRACE ThreadId(01) wrote 0 ci annotations to .hemttout/ci_annotations.txt
